node   1  (   0,    0) (   9,    3) (  29,    4) (  44,    6) (  65,   25) (  81,   63) (  81,   85) (  81,   93) (  81,   81) (  81,   81)
          (  81,   81) (  81,   81) (  81,   81) (  81,   81) (  81,   81) (  81,   81) (  81,   81) (  81,   81) (  81,   81) (  81,   81)
          (  81,   81) (  81,   81) (  81,   81) (  81,   81) (  81,   81) (  81,   81) (  81,   81) (  81,   81) (  81,   81) (  81,   81)
          (  81,   81) (  81,   81) (  81,   81) (  81,   81) (  81,   81) (  81,   81) (  81,   81) (  81,   81) (  81,   81) (  81,   81)
          (  81,   81) (  81,   81) (  81,   81) (  81,   81) (  81,   81) (  81,   81) (  81,   81) (  81,   81) (  81,   81) (  81,   81)
          (  81,   81) (  71,   81) (  65,   71) (  90,   69) (  53,   67) (  74,   77) (  72,   71) (  82,   75) (  66,   69) (  77,   68)
          (  77,   79) (  74,   72) (  61,   65) (  79,   69) (  74,   74) (  73,   68) (  71,   79) (  73,   73) (  60,   71) (  76,   74)
          (  57,   73) (  91,   63) (  64,   80) (  76,   68) (  85,   67) (  72,   79) (  63,   71) (  77,   74) (  73,   70) (  70,   73)
          (  62,   73) (  78,   70) (  74,   72) (  65,   81) (  77,   75) (  49,   80) (  84,   66) (  72,   64) (  64,   78) (  79,   80)
          (  74,   76) (  62,   70) (  67,   63) (  67,   74) (  71,   75) (  79,   79) (  60,   81) (  87,   67) (  61,   71) (  80,   75)
          (  76,   71) (  72,   71) (  59,   60) (  73,   64) (  60,   53) (  60,   61) (  62,   51) (  62,   56) (  66,   55) (  60,   48)
          (  90,   63) (  51,   54) (  80,   57) (  63,   60) (  74,   57) (  61,   62) (  61,   57) (  70,   56) (  68,   63) (  66,   54)
          (  67,   63) (  69,   58) (  55,   58) (  63,   54) (  52,   52) (  58,   60) (  58,   58) (  63,   56) (  45,   50) (  55,   52)
          (  59,   58) (  67,   52) (  66,   57) (  60,   63) (  57,   57) (  51,   55) (  49,   62) (  65,   55) (  46,   58) (  64,   54)
          (  62,   56) (  51,   55) (  51,   48) (  57,   59) (  56,   60) (  62,   61) (  55,   54) (  56,   52) (  47,   55) (  69,   51)
          (  54,   67) (  64,   52) (  58,   58) (  54,   54) (  62,   63) (  57,   58) (  59,   55) (  48,   60) (  71,   62) (  57,   60)
          (  51,   60) (  65,   56) (  53,   54) (  62,   57) (  41,   54) (  58,   54) (  61,   57) (  54,   54) (  56,   53) (  63,   59)
          (  53,   62) (  63,   58) (  48,   55) (  62,   50) (  61,   55) (  61,   62) (  41,   56) (  56,   52) (  52,   54) (  74,   59)
          (  57,   60) (  57,   58) (  52,   62) (  57,   53) (  58,   51) (  67,   58) (  48,   58) (  67,   57) (  55,   52) (  51,   63)
          (  51,   57) (  59,   57) (  64,   62) (  65,   59) (  43,   57) (  64,   57) (  65,   54) (  53,   49) (  49,   51) (  65,   63)
          (  49,   59) (  57,   58) (  52,   51) (  70,   62) (  65,   59) (  45,   53) (  75,   55) (  54,   49) (  50,   58) (  46,   49)
          (  56,   60) (  58,   59) (  60,   57) (  55,   54) (  51,   52) (  34,   52) (  81,   54) (  60,   58) (  54,   55) (  49,   52)
          (  56,   59) (  60,   59) (  64,   57) (  44,   59) (  66,   60) (  55,   54) (  54,   54) (  58,   57) (  52,   58) (  55,   58)
          (  64,   53) (  48,   54) (  63,   62) (  52,   59) (  55,   58) (  63,   60) (  57,   55) (  50,   58) (  62,   56) (  46,   55)
          (  57,   58) (  51,   61) (  57,   52) (  66,   58) (  45,   61) (  66,   58) (  62,   57) (  60,   58) (  54,   61) (  60,   57)
          (  62,   55) (  45,   53) (  65,   62) (  52,   53) (  56,   59) (  51,   56) (  63,   54) (  54,   57) (  63,   59) (  48,   59)
          (  67,   58) (  48,   57) (  67,   61) (  61,   57) (  54,   58) (  64,   60) (  53,   57) (  46,   52) (  54,   60) (  73,   60)
          (  57,   52) (  56,   62) (  61,   50) (  50,   55) (  60,   58) (  66,   56) (  63,   60) (  51,   51) (  58,   58) (  66,   53)
          (  47,   51) (  66,   63) (  47,   59) (  59,   61) (  68,   58) (  55,   60) (  42,   58) (  57,   50) (  57,   56) (  44,   54)
          (  65,   60) (  67,   57) (  52,   55) (  62,   56) (  59,   57) (  51,   54) (  57,   54) (  58,   53) (  61,   60) (  58,   52)
          (  49,   55) (  64,   54) (  64,   62) (  64,   68) (  64,   64) (  64,   64) (  64,   64) (  64,   64) (  64,   64) (  64,   64)
          (  64,   64) (  64,   64) (  64,   64) (  64,   64) (  64,   64) (  64,   64) (  64,   64) (  64,   64) (  64,   64) (  64,   64)
          (  64,   64) (  64,   64) (  64,   64) (  64,   64) (  64,   64) (  64,   64) (  64,   64) (  64,   64) (  64,   64) (  64,   64)
          (  64,   64) (  64,   64) (  64,   64) (  64,   64) (  64,   64) (  64,   64) (  64,   64) (  64,   64) (  64,   64) (  64,   64)
          (  64,   64) (  64,   64) (  64,   64) (  64,   64) (  64,   64) (  64,   64) (  64,   64) (  64,   64) (  64,   64) (  64,   64)
          (  64,   64) (  64,   64) (  64,   64) (  64,   64) (  64,   64) (  64,   64) (  64,   64) (  64,   64) (  64,   64) (  64,   64)
          (  64,   64) (  64,   64) (  64,   64) (  64,   64) (  64,   64) (  64,   64) (  64,   64) (  64,   64) (  64,   64) (  64,   64)
          (  64,   64) (  64,   64) (  64,   64) (  64,   64) (  64,   64) (  64,   64) (  64,   64) (  64,   64) (  64,   64) (  64,   64)
          (  64,   64) (  64,   64) (  64,   64) (  64,   64) (  64,   64) (  64,   64) (  64,   64) (  64,   64) (  64,   64) (  64,   64)
          (  64,   64) (  64,   64) (  64,   64) (  64,   64) (  64,   64) (  64,   64) (  64,   64) (  64,   64) (  64,   64) (  64,   64)
          (  64,   64) (  64,   64) (  64,   64) (  64,   64) (  64,   64) (  64,   64) (  64,   64) (  64,   64) (  64,   64) (  64,   64)
          (  64,   64) (  64,   64) (  64,   64) (  64,   64) (  64,   64) (  64,   64) (  64,   64) (  64,   64) (  64,   64) (  64,   64)
          (  64,   64) (  64,   64) (  64,   64) (  64,   64) (  64,   64) (  64,   64) (  64,   64) (  64,   64) (  64,   64) (  64,   64)
          (  64,   64) (  64,   64) (  64,   64) (  64,   64) (  64,   64) (  64,   64) (  64,   64) (  64,   64) (  64,   64) (  64,   64)
          (  64,   64) (  64,   64) (  64,   64) (  64,   64) (  64,   64) (  64,   64) (  64,   64) (  64,   64) (  64,   64) (  64,   64)
          (  64,   64) (  64,   64) (  64,   64) (  64,   64) (  64,   64) (  64,   64) (  64,   64) (  64,   64) (  64,   64) (  64,   64)
          (  64,   64) (  64,   64) (  64,   64) (  64,   64) (  64,   64) (  64,   64) (  64,   64) (  64,   64) (  64,   64) (  64,   64)
          (  64,   64) (  64,   64) (  64,   64) (  64,   64) (  64,   64) (  64,   64) (  64,   64) (  64,   64) (  64,   64) (  64,   64)
          (  64,   64) (  64,   64) (  64,   64) (  64,   64) (  64,   64) (  64,   64) (  64,   64) (  64,   64) (  64,   64) (  64,   64)
          (  64,   64) (  64,   64) (  64,   64) (  64,   64) (  64,   64) (  64,   64) (  64,   64) (  64,   64) (  64,   64) (  64,   64)
          (  64,   64) (  64,   64) (  64,   64) (  64,   64) (  64,   64) (  64,   64) (  64,   64) (  64,   64) (  64,   64) (  64,   64)
          (  64,   64) (  64,   64) (  64,   64) (  64,   64) (  64,   64) (  64,   64) (  64,   64) (  64,   64) (  64,   64) (  64,   64)
          (  64,   64) (  64,   64) (  64,   64) (  64,   64) (  64,   64) (  64,   64) (  64,   64) (  64,   64) (  64,   64) (  64,   64)
          (  64,   64) (  64,   64) (  64,   64) (  64,   64) (  64,   64) (  64,   64) (  64,   64) (  64,   64) (  64,   64) (  64,   64)
          (  64,   64) (  64,   64) (  64,   64) (  64,   64) (  64,   64) (  64,   64) (  64,   64) (  64,   64) (  64,   64) (  64,   64)
          (  64,   64) (  64,   64) (  64,   64) (  64,   64) (  64,   64) (  64,   64) (  64,   64) (  64,   64) (  64,   64) (  64,   64)
          (  64,   64) (  64,   64) (  64,   64) (  64,   64) (  64,   64) (  64,   64) (  64,   64) (  64,   64) (  64,   64) (  64,   64)
          (  64,   64) (  64,   64) (  64,   64) (  64,   64) (  64,   64) (  64,   64) (  64,   64) (  64,   64) (  64,   64) (  64,   64)
          (  64,   64) (  64,   64) (  64,   64) (  64,   64) (  64,   64) (  64,   64) (  64,   64) (  64,   64) (  64,   64) (  64,   64)
          (  64,   64) (  64,   64) (  64,   64) (  64,   64) (  64,   64) (  64,   64) (  64,   64) (  64,   64) (  64,   64) (  64,   64)
          (  64,   64) (  64,   64) (  64,   64) (  64,   64) (  64,   64) (  64,   64) (  64,   64) (  64,   64) (  64,   64) (  64,   64)
          (  64,   64) (  64,   64) (  64,   64) (  64,   64) (  64,   64) (  64,   64) (  64,   64) (  64,   64) (  64,   64) (  64,   64)
          (  64,   64) (  64,   64) (  64,   64) (  64,   64) (  64,   64) (  64,   64) (  64,   64) (  64,   64) (  64,   64) (  64,   64)
          (  64,   64) (  64,   64) (  64,   64) (  64,   64) (  64,   64) (  64,   64) (  64,   64) (  64,   64) (  64,   64) (  64,   64)
          (  64,   64) (  64,   64) (  64,   64) (  64,   64) (  64,   64) (  64,   64) (  64,   64) (  64,   64) (  64,   64) (  64,   64)
          (  64,   64) (  64,   64) (  64,   64) (  64,   64) (  64,   64) (  64,   64) (  64,   64) (  64,   64) (  64,   64) (  64,   64)
          (  64,   64) (  64,   64) (  64,   64) (  64,   64) (  64,   64) (  64,   64) (  64,   64) (  64,   64) (  64,   64) (  64,   64)
          (  64,   64) (  64,   64) (  64,   64) (  64,   64) (  64,   64) (  64,   64) (  64,   64) (  64,   64) (  64,   64) (  64,   64)
          (  64,   64) (  64,   64) (  64,   64) (  64,   64) (  64,   64) (  64,   64) (  64,   64) (  64,   64) (  64,   64) (  64,   64)
          (  64,   64) (  64,   64) (  64,   64) (  64,   64) (  64,   64) (  64,   64) (  64,   64) (  64,   64) (  64,   64) (  64,   64)
         
node   1 sent_total  44590  recv_total  44271

node   2  (   1,    0) (   0,    0) (   8,    4) (  27,    5) (  54,   12) (  81,   49) (  97,   72) (  81,   91) (  81,   81) (  81,   81)
          (  81,   81) (  81,   81) (  81,   81) (  81,   81) (  81,   81) (  81,   81) (  81,   81) (  81,   81) (  81,   81) (  81,   81)
          (  81,   81) (  81,   81) (  81,   81) (  81,   81) (  81,   81) (  81,   81) (  81,   81) (  81,   81) (  81,   81) (  81,   81)
          (  81,   81) (  81,   81) (  81,   81) (  81,   81) (  81,   81) (  81,   81) (  81,   81) (  81,   81) (  81,   81) (  81,   81)
          (  81,   81) (  81,   81) (  81,   81) (  81,   81) (  81,   81) (  81,   81) (  81,   81) (  81,   81) (  81,   81) (  81,   81)
          (  81,   81) (  72,   81) (  71,   69) (  75,   67) (  63,   73) (  74,   72) (  74,   71) (  63,   71) (  67,   72) (  82,   63)
          (  71,   80) (  68,   71) (  80,   73) (  77,   70) (  53,   76) (  81,   68) (  80,   69) (  59,   72) (  70,   79) (  66,   68)
          (  73,   75) (  74,   66) (  76,   80) (  53,   67) (  72,   69) (  75,   80) (  78,   69) (  65,   70) (  73,   74) (  67,   72)
          (  83,   71) (  75,   64) (  61,   71) (  62,   76) (  93,   71) (  52,   78) (  78,   65) (  72,   71) (  68,   74) (  63,   76)
          (  74,   72) (  74,   73) (  65,   63) (  76,   71) (  83,   75) (  71,   75) (  61,   77) (  65,   65) (  85,   77) (  68,   70)
          (  64,   67) (  86,   71) (  70,   62) (  67,   63) (  62,   54) (  61,   59) (  68,   55) (  61,   56) (  79,   60) (  61,   51)
          (  55,   58) (  81,   59) (  62,   56) (  53,   58) (  74,   52) (  63,   62) (  41,   52) (  86,   56) (  57,   61) (  71,   54)
          (  62,   56) (  74,   61) (  56,   53) (  57,   54) (  57,   55) (  61,   62) (  45,   57) (  56,   56) (  60,   55) (  65,   53)
          (  51,   60) (  63,   57) (  49,   58) (  65,   63) (  57,   54) (  47,   52) (  61,   61) (  57,   57) (  59,   63) (  57,   50)
          (  48,   55) (  39,   56) (  79,   55) (  60,   56) (  51,   62) (  57,   52) (  55,   56) (  62,   58) (  40,   59) (  74,   48)
          (  55,   62) (  49,   55) (  47,   59) (  68,   58) (  55,   66) (  51,   56) (  55,   50) (  52,   56) (  56,   57) (  57,   64)
          (  50,   57) (  56,   54) (  66,   59) (  57,   54) (  61,   62) (  51,   55) (  49,   60) (  56,   58) (  58,   56) (  54,   59)
          (  59,   57) (  57,   55) (  52,   54) (  47,   51) (  71,   61) (  48,   57) (  57,   57) (  63,   50) (  60,   57) (  59,   62)
          (  52,   59) (  62,   52) (  53,   63) (  61,   50) (  48,   49) (  62,   60) (  55,   64) (  51,   57) (  44,   53) (  63,   66)
          (  65,   57) (  58,   58) (  57,   58) (  57,   59) (  54,   58) (  61,   56) (  53,   56) (  47,   56) (  67,   60) (  66,   55)
          (  61,   64) (  65,   52) (  48,   49) (  65,   57) (  59,   58) (  57,   58) (  55,   52) (  54,   58) (  52,   57) (  63,   56)
          (  54,   61) (  59,   57) (  58,   61) (  46,   56) (  49,   58) (  64,   57) (  55,   55) (  57,   60) (  42,   57) (  56,   54)
          (  58,   58) (  63,   59) (  57,   59) (  61,   63) (  52,   57) (  46,   54) (  60,   56) (  64,   57) (  58,   63) (  46,   52)
          (  59,   53) (  61,   53) (  59,   59) (  51,   63) (  62,   58) (  60,   55) (  52,   60) (  61,   64) (  55,   49) (  44,   52)
          (  67,   56) (  54,   58) (  63,   56) (  50,   58) (  50,   66) (  52,   58) (  74,   57) (  48,   60) (  67,   62) (  49,   56)
          (  71,   56) (  50,   59) (  56,   57) (  58,   56) (  60,   58) (  53,   58) (  62,   58) (  46,   54) (  72,   59) (  58,   56)
          (  55,   58) (  59,   59) (  60,   54) (  55,   53) (  60,   63) (  56,   56) (  59,   61) (  61,   54) (  56,   55) (  52,   54)
          (  65,   57) (  39,   55) (  69,   62) (  55,   58) (  55,   57) (  55,   59) (  55,   64) (  58,   50) (  50,   55) (  53,   60)
          (  61,   52) (  50,   55) (  62,   59) (  60,   59) (  60,   56) (  47,   55) (  57,   57) (  53,   48) (  51,   58) (  71,   60)
          (  53,   58) (  58,   55) (  51,   56) (  58,   56) (  62,   57) (  53,   54) (  46,   55) (  60,   56) (  51,   56) (  57,   55)
          (  50,   60) (  64,   56) (  71,   63) (  64,   66) (  64,   64) (  64,   64) (  64,   64) (  64,   64) (  64,   64) (  64,   64)
          (  64,   64) (  64,   64) (  64,   64) (  64,   64) (  64,   64) (  64,   64) (  64,   64) (  64,   64) (  64,   64) (  64,   64)
          (  64,   64) (  64,   64) (  64,   64) (  64,   64) (  64,   64) (  64,   64) (  64,   64) (  64,   64) (  64,   64) (  64,   64)
          (  64,   64) (  64,   64) (  64,   64) (  64,   64) (  64,   64) (  64,   64) (  64,   64) (  64,   64) (  64,   64) (  64,   64)
          (  64,   64) (  64,   64) (  64,   64) (  64,   64) (  64,   64) (  64,   64) (  64,   64) (  64,   64) (  64,   64) (  64,   64)
          (  64,   64) (  64,   64) (  64,   64) (  64,   64) (  64,   64) (  64,   64) (  64,   64) (  64,   64) (  64,   64) (  64,   64)
          (  64,   64) (  64,   64) (  64,   64) (  64,   64) (  64,   64) (  64,   64) (  64,   64) (  64,   64) (  64,   64) (  64,   64)
          (  64,   64) (  64,   64) (  64,   64) (  64,   64) (  64,   64) (  64,   64) (  64,   64) (  64,   64) (  64,   64) (  64,   64)
          (  64,   64) (  64,   64) (  64,   64) (  64,   64) (  64,   64) (  64,   64) (  64,   64) (  64,   64) (  64,   64) (  64,   64)
          (  64,   64) (  64,   64) (  64,   64) (  64,   64) (  64,   64) (  64,   64) (  64,   64) (  64,   64) (  64,   64) (  64,   64)
          (  64,   64) (  64,   64) (  64,   64) (  64,   64) (  64,   64) (  64,   64) (  64,   64) (  64,   64) (  64,   64) (  64,   64)
          (  64,   64) (  64,   64) (  64,   64) (  64,   64) (  64,   64) (  64,   64) (  64,   64) (  64,   64) (  64,   64) (  64,   64)
          (  64,   64) (  64,   64) (  64,   64) (  64,   64) (  64,   64) (  64,   64) (  64,   64) (  64,   64) (  64,   64) (  64,   64)
          (  64,   64) (  64,   64) (  64,   64) (  64,   64) (  64,   64) (  64,   64) (  64,   64) (  64,   64) (  64,   64) (  64,   64)
          (  64,   64) (  64,   64) (  64,   64) (  64,   64) (  64,   64) (  64,   64) (  64,   64) (  64,   64) (  64,   64) (  64,   64)
          (  64,   64) (  64,   64) (  64,   64) (  64,   64) (  64,   64) (  64,   64) (  64,   64) (  64,   64) (  64,   64) (  64,   64)
          (  64,   64) (  64,   64) (  64,   64) (  64,   64) (  64,   64) (  64,   64) (  64,   64) (  64,   64) (  64,   64) (  64,   64)
          (  64,   64) (  64,   64) (  64,   64) (  64,   64) (  64,   64) (  64,   64) (  64,   64) (  64,   64) (  64,   64) (  64,   64)
          (  64,   64) (  64,   64) (  64,   64) (  64,   64) (  64,   64) (  64,   64) (  64,   64) (  64,   64) (  64,   64) (  64,   64)
          (  64,   64) (  64,   64) (  64,   64) (  64,   64) (  64,   64) (  64,   64) (  64,   64) (  64,   64) (  64,   64) (  64,   64)
          (  64,   64) (  64,   64) (  64,   64) (  64,   64) (  64,   64) (  64,   64) (  64,   64) (  64,   64) (  64,   64) (  64,   64)
          (  64,   64) (  64,   64) (  64,   64) (  64,   64) (  64,   64) (  64,   64) (  64,   64) (  64,   64) (  64,   64) (  64,   64)
          (  64,   64) (  64,   64) (  64,   64) (  64,   64) (  64,   64) (  64,   64) (  64,   64) (  64,   64) (  64,   64) (  64,   64)
          (  64,   64) (  64,   64) (  64,   64) (  64,   64) (  64,   64) (  64,   64) (  64,   64) (  64,   64) (  64,   64) (  64,   64)
          (  64,   64) (  64,   64) (  64,   64) (  64,   64) (  64,   64) (  64,   64) (  64,   64) (  64,   64) (  64,   64) (  64,   64)
          (  64,   64) (  64,   64) (  64,   64) (  64,   64) (  64,   64) (  64,   64) (  64,   64) (  64,   64) (  64,   64) (  64,   64)
          (  64,   64) (  64,   64) (  64,   64) (  64,   64) (  64,   64) (  64,   64) (  64,   64) (  64,   64) (  64,   64) (  64,   64)
          (  64,   64) (  64,   64) (  64,   64) (  64,   64) (  64,   64) (  64,   64) (  64,   64) (  64,   64) (  64,   64) (  64,   64)
          (  64,   64) (  64,   64) (  64,   64) (  64,   64) (  64,   64) (  64,   64) (  64,   64) (  64,   64) (  64,   64) (  64,   64)
          (  64,   64) (  64,   64) (  64,   64) (  64,   64) (  64,   64) (  64,   64) (  64,   64) (  64,   64) (  64,   64) (  64,   64)
          (  64,   64) (  64,   64) (  64,   64) (  64,   64) (  64,   64) (  64,   64) (  64,   64) (  64,   64) (  64,   64) (  64,   64)
          (  64,   64) (  64,   64) (  64,   64) (  64,   64) (  64,   64) (  64,   64) (  64,   64) (  64,   64) (  64,   64) (  64,   64)
          (  64,   64) (  64,   64) (  64,   64) (  64,   64) (  64,   64) (  64,   64) (  64,   64) (  64,   64) (  64,   64) (  64,   64)
          (  64,   64) (  64,   64) (  64,   64) (  64,   64) (  64,   64) (  64,   64) (  64,   64) (  64,   64) (  64,   64) (  64,   64)
          (  64,   64) (  64,   64) (  64,   64) (  64,   64) (  64,   64) (  64,   64) (  64,   64) (  64,   64) (  64,   64) (  64,   64)
          (  64,   64) (  64,   64) (  64,   64) (  64,   64) (  64,   64) (  64,   64) (  64,   64) (  64,   64) (  64,   64) (  64,   64)
          (  64,   64) (  64,   64) (  64,   64) (  64,   64) (  64,   64) (  64,   64) (  64,   64) (  64,   64) (  64,   64) (  64,   64)
          (  64,   64) (  64,   64) (  64,   64) (  64,   64) (  64,   64) (  64,   64) (  64,   64) (  64,   64) (  64,   64) (  64,   64)
          (  64,   64) (  64,   64) (  64,   64) (  64,   64) (  64,   64) (  64,   64) (  64,   64) (  64,   64) (  64,   64) (  64,   64)
          (  64,   64) (  64,   64) (  64,   64) (  64,   64) (  64,   64) (  64,   64) (  64,   64) (  64,   64) (  64,   64) (  64,   64)
         
node   2 sent_total  44420  recv_total  44251

node   3  (   1,    0) (   0,    0) (   3,    3) (  33,    8) (  42,   13) (  81,   51) (  97,   84) (  81,   91) (  81,   81) (  81,   81)
          (  81,   81) (  81,   81) (  81,   81) (  81,   81) (  81,   81) (  81,   81) (  81,   81) (  81,   81) (  81,   81) (  81,   81)
          (  81,   81) (  81,   81) (  81,   81) (  81,   81) (  81,   81) (  81,   81) (  81,   81) (  81,   81) (  81,   81) (  81,   81)
          (  81,   81) (  81,   81) (  81,   81) (  81,   81) (  81,   81) (  81,   81) (  81,   81) (  81,   81) (  81,   81) (  81,   81)
          (  81,   81) (  81,   81) (  81,   81) (  81,   81) (  81,   81) (  81,   81) (  81,   81) (  81,   81) (  81,   81) (  81,   81)
          (  81,   81) (  72,   81) (  72,   75) (  63,   64) (  79,   78) (  63,   64) (  84,   74) (  61,   71) (  68,   75) (  79,   71)
          (  71,   81) (  73,   75) (  56,   66) (  71,   69) (  70,   76) (  87,   71) (  63,   71) (  78,   74) (  68,   72) (  72,   74)
          (  63,   71) (  76,   67) (  77,   77) (  71,   70) (  73,   71) (  69,   76) (  76,   71) (  62,   68) (  85,   80) (  63,   71)
          (  71,   72) (  84,   70) (  76,   65) (  67,   77) (  68,   75) (  66,   81) (  66,   63) (  63,   72) (  78,   77) (  67,   72)
          (  76,   70) (  73,   74) (  70,   68) (  76,   77) (  69,   75) (  80,   76) (  68,   78) (  75,   66) (  67,   77) (  67,   74)
          (  79,   70) (  68,   71) (  75,   59) (  51,   58) (  65,   58) (  62,   58) (  60,   55) (  61,   55) (  81,   57) (  65,   54)
          (  66,   62) (  62,   55) (  66,   60) (  51,   58) (  82,   50) (  60,   61) (  60,   55) (  75,   53) (  75,   64) (  52,   48)
          (  61,   56) (  74,   54) (  67,   57) (  61,   56) (  57,   52) (  54,   59) (  66,   57) (  53,   60) (  61,   57) (  58,   55)
          (  56,   60) (  62,   51) (  58,   61) (  53,   60) (  49,   53) (  71,   62) (  52,   59) (  61,   53) (  53,   61) (  60,   59)
          (  48,   56) (  51,   58) (  57,   54) (  60,   60) (  57,   58) (  43,   57) (  55,   55) (  68,   57) (  48,   55) (  59,   52)
          (  57,   66) (  58,   49) (  62,   56) (  43,   53) (  60,   61) (  61,   51) (  57,   55) (  49,   59) (  54,   60) (  68,   61)
          (  62,   60) (  52,   50) (  59,   60) (  48,   51) (  41,   51) (  74,   58) (  57,   54) (  51,   61) (  57,   52) (  53,   57)
          (  56,   62) (  56,   58) (  39,   54) (  53,   51) (  63,   62) (  53,   55) (  56,   62) (  54,   44) (  65,   54) (  59,   59)
          (  59,   61) (  55,   57) (  57,   61) (  57,   50) (  55,   51) (  58,   56) (  64,   61) (  44,   57) (  59,   56) (  64,   58)
          (  57,   56) (  53,   55) (  58,   59) (  67,   58) (  57,   56) (  51,   51) (  56,   59) (  59,   55) (  57,   57) (  55,   52)
          (  68,   60) (  59,   53) (  51,   56) (  62,   58) (  52,   64) (  62,   62) (  55,   54) (  57,   61) (  47,   59) (  64,   55)
          (  55,   58) (  50,   56) (  64,   54) (  48,   55) (  59,   55) (  57,   56) (  46,   53) (  72,   61) (  40,   52) (  71,   56)
          (  57,   59) (  52,   60) (  55,   58) (  51,   58) (  60,   56) (  71,   57) (  48,   51) (  70,   58) (  59,   56) (  52,   58)
          (  46,   53) (  66,   51) (  61,   48) (  53,   54) (  53,   56) (  67,   57) (  61,   60) (  53,   58) (  48,   55) (  61,   53)
          (  58,   52) (  48,   61) (  48,   49) (  70,   66) (  62,   59) (  52,   52) (  55,   57) (  57,   64) (  56,   58) (  62,   59)
          (  51,   53) (  58,   58) (  55,   56) (  66,   56) (  50,   59) (  56,   55) (  49,   51) (  75,   57) (  48,   52) (  62,   60)
          (  48,   56) (  52,   55) (  51,   56) (  64,   53) (  58,   59) (  58,   56) (  60,   64) (  37,   51) (  76,   63) (  55,   57)
          (  47,   60) (  72,   59) (  55,   54) (  43,   55) (  70,   58) (  58,   56) (  59,   58) (  52,   49) (  62,   63) (  51,   54)
          (  52,   51) (  62,   62) (  62,   55) (  39,   55) (  73,   62) (  54,   56) (  39,   53) (  55,   52) (  66,   54) (  64,   54)
          (  57,   54) (  53,   59) (  53,   54) (  48,   52) (  57,   58) (  63,   55) (  65,   56) (  62,   58) (  57,   60) (  47,   53)
          (  56,   56) (  64,   59) (  64,   63) (  64,   68) (  64,   64) (  64,   64) (  64,   64) (  64,   64) (  64,   64) (  64,   64)
          (  64,   64) (  64,   64) (  64,   64) (  64,   64) (  64,   64) (  64,   64) (  64,   64) (  64,   64) (  64,   64) (  64,   64)
          (  64,   64) (  64,   64) (  64,   64) (  64,   64) (  64,   64) (  64,   64) (  64,   64) (  64,   64) (  64,   64) (  64,   64)
          (  64,   64) (  64,   64) (  64,   64) (  64,   64) (  64,   64) (  64,   64) (  64,   64) (  64,   64) (  64,   64) (  64,   64)
          (  64,   64) (  64,   64) (  64,   64) (  64,   64) (  64,   64) (  64,   64) (  64,   64) (  64,   64) (  64,   64) (  64,   64)
          (  64,   64) (  64,   64) (  64,   64) (  64,   64) (  64,   64) (  64,   64) (  64,   64) (  64,   64) (  64,   64) (  64,   64)
          (  64,   64) (  64,   64) (  64,   64) (  64,   64) (  64,   64) (  64,   64) (  64,   64) (  64,   64) (  64,   64) (  64,   64)
          (  64,   64) (  64,   64) (  64,   64) (  64,   64) (  64,   64) (  64,   64) (  64,   64) (  64,   64) (  64,   64) (  64,   64)
          (  64,   64) (  64,   64) (  64,   64) (  64,   64) (  64,   64) (  64,   64) (  64,   64) (  64,   64) (  64,   64) (  64,   64)
          (  64,   64) (  64,   64) (  64,   64) (  64,   64) (  64,   64) (  64,   64) (  64,   64) (  64,   64) (  64,   64) (  64,   64)
          (  64,   64) (  64,   64) (  64,   64) (  64,   64) (  64,   64) (  64,   64) (  64,   64) (  64,   64) (  64,   64) (  64,   64)
          (  64,   64) (  64,   64) (  64,   64) (  64,   64) (  64,   64) (  64,   64) (  64,   64) (  64,   64) (  64,   64) (  64,   64)
          (  64,   64) (  64,   64) (  64,   64) (  64,   64) (  64,   64) (  64,   64) (  64,   64) (  64,   64) (  64,   64) (  64,   64)
          (  64,   64) (  64,   64) (  64,   64) (  64,   64) (  64,   64) (  64,   64) (  64,   64) (  64,   64) (  64,   64) (  64,   64)
          (  64,   64) (  64,   64) (  64,   64) (  64,   64) (  64,   64) (  64,   64) (  64,   64) (  64,   64) (  64,   64) (  64,   64)
          (  64,   64) (  64,   64) (  64,   64) (  64,   64) (  64,   64) (  64,   64) (  64,   64) (  64,   64) (  64,   64) (  64,   64)
          (  64,   64) (  64,   64) (  64,   64) (  64,   64) (  64,   64) (  64,   64) (  64,   64) (  64,   64) (  64,   64) (  64,   64)
          (  64,   64) (  64,   64) (  64,   64) (  64,   64) (  64,   64) (  64,   64) (  64,   64) (  64,   64) (  64,   64) (  64,   64)
          (  64,   64) (  64,   64) (  64,   64) (  64,   64) (  64,   64) (  64,   64) (  64,   64) (  64,   64) (  64,   64) (  64,   64)
          (  64,   64) (  64,   64) (  64,   64) (  64,   64) (  64,   64) (  64,   64) (  64,   64) (  64,   64) (  64,   64) (  64,   64)
          (  64,   64) (  64,   64) (  64,   64) (  64,   64) (  64,   64) (  64,   64) (  64,   64) (  64,   64) (  64,   64) (  64,   64)
          (  64,   64) (  64,   64) (  64,   64) (  64,   64) (  64,   64) (  64,   64) (  64,   64) (  64,   64) (  64,   64) (  64,   64)
          (  64,   64) (  64,   64) (  64,   64) (  64,   64) (  64,   64) (  64,   64) (  64,   64) (  64,   64) (  64,   64) (  64,   64)
          (  64,   64) (  64,   64) (  64,   64) (  64,   64) (  64,   64) (  64,   64) (  64,   64) (  64,   64) (  64,   64) (  64,   64)
          (  64,   64) (  64,   64) (  64,   64) (  64,   64) (  64,   64) (  64,   64) (  64,   64) (  64,   64) (  64,   64) (  64,   64)
          (  64,   64) (  64,   64) (  64,   64) (  64,   64) (  64,   64) (  64,   64) (  64,   64) (  64,   64) (  64,   64) (  64,   64)
          (  64,   64) (  64,   64) (  64,   64) (  64,   64) (  64,   64) (  64,   64) (  64,   64) (  64,   64) (  64,   64) (  64,   64)
          (  64,   64) (  64,   64) (  64,   64) (  64,   64) (  64,   64) (  64,   64) (  64,   64) (  64,   64) (  64,   64) (  64,   64)
          (  64,   64) (  64,   64) (  64,   64) (  64,   64) (  64,   64) (  64,   64) (  64,   64) (  64,   64) (  64,   64) (  64,   64)
          (  64,   64) (  64,   64) (  64,   64) (  64,   64) (  64,   64) (  64,   64) (  64,   64) (  64,   64) (  64,   64) (  64,   64)
          (  64,   64) (  64,   64) (  64,   64) (  64,   64) (  64,   64) (  64,   64) (  64,   64) (  64,   64) (  64,   64) (  64,   64)
          (  64,   64) (  64,   64) (  64,   64) (  64,   64) (  64,   64) (  64,   64) (  64,   64) (  64,   64) (  64,   64) (  64,   64)
          (  64,   64) (  64,   64) (  64,   64) (  64,   64) (  64,   64) (  64,   64) (  64,   64) (  64,   64) (  64,   64) (  64,   64)
          (  64,   64) (  64,   64) (  64,   64) (  64,   64) (  64,   64) (  64,   64) (  64,   64) (  64,   64) (  64,   64) (  64,   64)
          (  64,   64) (  64,   64) (  64,   64) (  64,   64) (  64,   64) (  64,   64) (  64,   64) (  64,   64) (  64,   64) (  64,   64)
          (  64,   64) (  64,   64) (  64,   64) (  64,   64) (  64,   64) (  64,   64) (  64,   64) (  64,   64) (  64,   64) (  64,   64)
          (  64,   64) (  64,   64) (  64,   64) (  64,   64) (  64,   64) (  64,   64) (  64,   64) (  64,   64) (  64,   64) (  64,   64)
          (  64,   64) (  64,   64) (  64,   64) (  64,   64) (  64,   64) (  64,   64) (  64,   64) (  64,   64) (  64,   64) (  64,   64)
          (  64,   64) (  64,   64) (  64,   64) (  64,   64) (  64,   64) (  64,   64) (  64,   64) (  64,   64) (  64,   64) (  64,   64)
          (  64,   64) (  64,   64) (  64,   64) (  64,   64) (  64,   64) (  64,   64) (  64,   64) (  64,   64) (  64,   64) (  64,   64)
         
node   3 sent_total  44450  recv_total  44200

node   4  (   1,    0) (   0,    0) (   1,    2) (  40,   10) (  42,   18) (  81,   36) (  97,   71) (  81,   91) (  81,   81) (  81,   81)
          (  81,   81) (  81,   81) (  81,   81) (  81,   81) (  81,   81) (  81,   81) (  81,   81) (  81,   81) (  81,   81) (  81,   81)
          (  81,   81) (  81,   81) (  81,   81) (  81,   81) (  81,   81) (  81,   81) (  81,   81) (  81,   81) (  81,   81) (  81,   81)
          (  81,   81) (  81,   81) (  81,   81) (  81,   81) (  81,   81) (  81,   81) (  81,   81) (  81,   81) (  81,   81) (  81,   81)
          (  81,   81) (  81,   81) (  81,   81) (  81,   81) (  81,   81) (  81,   81) (  81,   81) (  81,   81) (  81,   81) (  81,   81)
          (  81,   81) (  73,   81) (  60,   72) (  74,   64) (  84,   73) (  67,   70) (  70,   77) (  72,   77) (  66,   77) (  84,   68)
          (  67,   75) (  66,   74) (  74,   74) (  72,   69) (  81,   78) (  52,   62) (  83,   80) (  80,   70) (  69,   71) (  70,   68)
          (  54,   71) (  84,   74) (  66,   78) (  62,   66) (  83,   74) (  59,   80) (  82,   79) (  69,   68) (  75,   69) (  59,   69)
          (  70,   68) (  82,   66) (  67,   73) (  67,   79) (  89,   74) (  65,   79) (  65,   66) (  80,   60) (  84,   76) (  73,   75)
          (  68,   70) (  63,   73) (  78,   71) (  49,   72) ( 106,   79) (  69,   75) (  70,   79) (  75,   64) (  75,   72) (  69,   75)
          (  65,   71) (  57,   78) (  75,   59) (  65,   60) (  65,   57) (  61,   49) (  73,   57) (  58,   60) (  56,   59) (  74,   58)
          (  65,   61) (  68,   63) (  61,   54) (  59,   56) (  81,   54) (  59,   60) (  65,   58) (  64,   56) (  45,   62) (  92,   58)
          (  71,   53) (  54,   53) (  71,   58) (  48,   56) (  62,   50) (  66,   58) (  51,   55) (  67,   62) (  44,   56) (  62,   58)
          (  53,   55) (  57,   57) (  68,   59) (  59,   58) (  43,   50) (  63,   59) (  54,   61) (  54,   55) (  51,   65) (  47,   53)
          (  56,   60) (  60,   58) (  52,   52) (  59,   57) (  56,   60) (  42,   55) (  60,   58) (  57,   54) (  46,   61) (  72,   54)
          (  52,   60) (  51,   57) (  62,   55) (  64,   54) (  59,   63) (  49,   59) (  61,   56) (  56,   56) (  57,   61) (  58,   52)
          (  55,   60) (  51,   60) (  61,   59) (  52,   56) (  57,   56) (  68,   51) (  52,   57) (  45,   54) (  62,   56) (  59,   56)
          (  55,   53) (  46,   52) (  49,   58) (  60,   55) (  46,   55) (  65,   62) (  42,   55) (  58,   54) (  71,   54) (  48,   58)
          (  53,   58) (  64,   56) (  55,   63) (  45,   46) (  67,   54) (  47,   56) (  65,   61) (  57,   57) (  53,   48) (  50,   58)
          (  61,   60) (  56,   56) (  49,   59) (  68,   58) (  61,   56) (  48,   53) (  54,   60) (  59,   56) (  61,   55) (  51,   57)
          (  49,   64) (  59,   56) (  50,   57) (  54,   61) (  61,   58) (  54,   58) (  63,   55) (  47,   55) (  64,   62) (  69,   56)
          (  50,   56) (  56,   57) (  45,   54) (  63,   59) (  46,   52) (  63,   55) (  54,   51) (  63,   60) (  50,   61) (  64,   52)
          (  51,   56) (  58,   60) (  62,   51) (  61,   61) (  61,   58) (  46,   50) (  65,   56) (  44,   55) (  63,   64) (  53,   53)
          (  43,   50) (  54,   53) (  58,   57) (  56,   62) (  69,   55) (  51,   55) (  57,   59) (  68,   61) (  56,   56) (  43,   52)
          (  65,   57) (  45,   54) (  60,   54) (  64,   55) (  43,   59) (  65,   55) (  57,   56) (  62,   62) (  59,   62) (  50,   60)
          (  61,   57) (  59,   57) (  45,   61) (  67,   61) (  43,   53) (  64,   59) (  54,   56) (  52,   59) (  54,   63) (  50,   56)
          (  55,   57) (  50,   57) (  63,   60) (  62,   53) (  59,   61) (  60,   55) (  56,   59) (  57,   51) (  51,   52) (  53,   58)
          (  59,   61) (  60,   58) (  40,   56) (  77,   59) (  55,   60) (  54,   55) (  38,   63) (  64,   52) (  50,   59) (  47,   50)
          (  68,   58) (  57,   59) (  46,   51) (  74,   62) (  49,   60) (  62,   59) (  40,   57) (  58,   50) (  68,   55) (  63,   55)
          (  59,   61) (  58,   58) (  47,   53) (  60,   57) (  57,   48) (  48,   52) (  60,   61) (  65,   58) (  51,   59) (  54,   58)
          (  50,   56) (  71,   59) (  71,   60) (  64,   68) (  64,   64) (  64,   64) (  64,   64) (  64,   64) (  64,   64) (  64,   64)
          (  64,   64) (  64,   64) (  64,   64) (  64,   64) (  64,   64) (  64,   64) (  64,   64) (  64,   64) (  64,   64) (  64,   64)
          (  64,   64) (  64,   64) (  64,   64) (  64,   64) (  64,   64) (  64,   64) (  64,   64) (  64,   64) (  64,   64) (  64,   64)
          (  64,   64) (  64,   64) (  64,   64) (  64,   64) (  64,   64) (  64,   64) (  64,   64) (  64,   64) (  64,   64) (  64,   64)
          (  64,   64) (  64,   64) (  64,   64) (  64,   64) (  64,   64) (  64,   64) (  64,   64) (  64,   64) (  64,   64) (  64,   64)
          (  64,   64) (  64,   64) (  64,   64) (  64,   64) (  64,   64) (  64,   64) (  64,   64) (  64,   64) (  64,   64) (  64,   64)
          (  64,   64) (  64,   64) (  64,   64) (  64,   64) (  64,   64) (  64,   64) (  64,   64) (  64,   64) (  64,   64) (  64,   64)
          (  64,   64) (  64,   64) (  64,   64) (  64,   64) (  64,   64) (  64,   64) (  64,   64) (  64,   64) (  64,   64) (  64,   64)
          (  64,   64) (  64,   64) (  64,   64) (  64,   64) (  64,   64) (  64,   64) (  64,   64) (  64,   64) (  64,   64) (  64,   64)
          (  64,   64) (  64,   64) (  64,   64) (  64,   64) (  64,   64) (  64,   64) (  64,   64) (  64,   64) (  64,   64) (  64,   64)
          (  64,   64) (  64,   64) (  64,   64) (  64,   64) (  64,   64) (  64,   64) (  64,   64) (  64,   64) (  64,   64) (  64,   64)
          (  64,   64) (  64,   64) (  64,   64) (  64,   64) (  64,   64) (  64,   64) (  64,   64) (  64,   64) (  64,   64) (  64,   64)
          (  64,   64) (  64,   64) (  64,   64) (  64,   64) (  64,   64) (  64,   64) (  64,   64) (  64,   64) (  64,   64) (  64,   64)
          (  64,   64) (  64,   64) (  64,   64) (  64,   64) (  64,   64) (  64,   64) (  64,   64) (  64,   64) (  64,   64) (  64,   64)
          (  64,   64) (  64,   64) (  64,   64) (  64,   64) (  64,   64) (  64,   64) (  64,   64) (  64,   64) (  64,   64) (  64,   64)
          (  64,   64) (  64,   64) (  64,   64) (  64,   64) (  64,   64) (  64,   64) (  64,   64) (  64,   64) (  64,   64) (  64,   64)
          (  64,   64) (  64,   64) (  64,   64) (  64,   64) (  64,   64) (  64,   64) (  64,   64) (  64,   64) (  64,   64) (  64,   64)
          (  64,   64) (  64,   64) (  64,   64) (  64,   64) (  64,   64) (  64,   64) (  64,   64) (  64,   64) (  64,   64) (  64,   64)
          (  64,   64) (  64,   64) (  64,   64) (  64,   64) (  64,   64) (  64,   64) (  64,   64) (  64,   64) (  64,   64) (  64,   64)
          (  64,   64) (  64,   64) (  64,   64) (  64,   64) (  64,   64) (  64,   64) (  64,   64) (  64,   64) (  64,   64) (  64,   64)
          (  64,   64) (  64,   64) (  64,   64) (  64,   64) (  64,   64) (  64,   64) (  64,   64) (  64,   64) (  64,   64) (  64,   64)
          (  64,   64) (  64,   64) (  64,   64) (  64,   64) (  64,   64) (  64,   64) (  64,   64) (  64,   64) (  64,   64) (  64,   64)
          (  64,   64) (  64,   64) (  64,   64) (  64,   64) (  64,   64) (  64,   64) (  64,   64) (  64,   64) (  64,   64) (  64,   64)
          (  64,   64) (  64,   64) (  64,   64) (  64,   64) (  64,   64) (  64,   64) (  64,   64) (  64,   64) (  64,   64) (  64,   64)
          (  64,   64) (  64,   64) (  64,   64) (  64,   64) (  64,   64) (  64,   64) (  64,   64) (  64,   64) (  64,   64) (  64,   64)
          (  64,   64) (  64,   64) (  64,   64) (  64,   64) (  64,   64) (  64,   64) (  64,   64) (  64,   64) (  64,   64) (  64,   64)
          (  64,   64) (  64,   64) (  64,   64) (  64,   64) (  64,   64) (  64,   64) (  64,   64) (  64,   64) (  64,   64) (  64,   64)
          (  64,   64) (  64,   64) (  64,   64) (  64,   64) (  64,   64) (  64,   64) (  64,   64) (  64,   64) (  64,   64) (  64,   64)
          (  64,   64) (  64,   64) (  64,   64) (  64,   64) (  64,   64) (  64,   64) (  64,   64) (  64,   64) (  64,   64) (  64,   64)
          (  64,   64) (  64,   64) (  64,   64) (  64,   64) (  64,   64) (  64,   64) (  64,   64) (  64,   64) (  64,   64) (  64,   64)
          (  64,   64) (  64,   64) (  64,   64) (  64,   64) (  64,   64) (  64,   64) (  64,   64) (  64,   64) (  64,   64) (  64,   64)
          (  64,   64) (  64,   64) (  64,   64) (  64,   64) (  64,   64) (  64,   64) (  64,   64) (  64,   64) (  64,   64) (  64,   64)
          (  64,   64) (  64,   64) (  64,   64) (  64,   64) (  64,   64) (  64,   64) (  64,   64) (  64,   64) (  64,   64) (  64,   64)
          (  64,   64) (  64,   64) (  64,   64) (  64,   64) (  64,   64) (  64,   64) (  64,   64) (  64,   64) (  64,   64) (  64,   64)
          (  64,   64) (  64,   64) (  64,   64) (  64,   64) (  64,   64) (  64,   64) (  64,   64) (  64,   64) (  64,   64) (  64,   64)
          (  64,   64) (  64,   64) (  64,   64) (  64,   64) (  64,   64) (  64,   64) (  64,   64) (  64,   64) (  64,   64) (  64,   64)
          (  64,   64) (  64,   64) (  64,   64) (  64,   64) (  64,   64) (  64,   64) (  64,   64) (  64,   64) (  64,   64) (  64,   64)
          (  64,   64) (  64,   64) (  64,   64) (  64,   64) (  64,   64) (  64,   64) (  64,   64) (  64,   64) (  64,   64) (  64,   64)
          (  64,   64) (  64,   64) (  64,   64) (  64,   64) (  64,   64) (  64,   64) (  64,   64) (  64,   64) (  64,   64) (  64,   64)
          (  64,   64) (  64,   64) (  64,   64) (  64,   64) (  64,   64) (  64,   64) (  64,   64) (  64,   64) (  64,   64) (  64,   64)
         
node   4 sent_total  44371  recv_total  44249

node   5  (   0,    0) (   1,    0) (   0,    0) (  10,    5) (  54,   17) (  81,   56) (  97,   76) (  81,   91) (  81,   81) (  81,   81)
          (  81,   81) (  81,   81) (  81,   81) (  81,   81) (  81,   81) (  81,   81) (  81,   81) (  81,   81) (  81,   81) (  81,   81)
          (  81,   81) (  81,   81) (  81,   81) (  81,   81) (  81,   81) (  81,   81) (  81,   81) (  81,   81) (  81,   81) (  81,   81)
          (  81,   81) (  81,   81) (  81,   81) (  81,   81) (  81,   81) (  81,   81) (  81,   81) (  81,   81) (  81,   81) (  81,   81)
          (  81,   81) (  81,   81) (  81,   81) (  81,   81) (  81,   81) (  81,   81) (  81,   81) (  81,   81) (  81,   81) (  81,   81)
          (  81,   81) (  76,   81) (  65,   71) (  67,   68) (  70,   73) (  72,   71) (  75,   74) (  71,   69) (  66,   71) (  80,   68)
          (  72,   75) (  52,   71) (  64,   73) (  76,   67) (  66,   75) (  82,   69) (  66,   67) (  51,   70) (  78,   76) (  70,   71)
          (  65,   72) (  91,   62) (  75,   84) (  75,   70) (  69,   73) (  73,   70) (  67,   75) (  83,   72) (  50,   66) (  78,   70)
          (  83,   73) (  61,   62) (  84,   76) (  71,   81) (  79,   70) (  64,   78) (  58,   63) (  82,   72) (  72,   72) (  69,   72)
          (  76,   71) (  82,   75) (  75,   68) (  76,   73) (  72,   75) (  67,   78) (  68,   72) (  80,   70) (  73,   77) (  62,   75)
          (  83,   74) (  64,   68) (  73,   61) (  63,   59) (  58,   54) (  70,   57) (  61,   55) (  75,   61) (  65,   59) (  44,   51)
          (  73,   64) (  70,   57) (  55,   56) (  64,   58) (  59,   52) (  72,   65) (  68,   57) (  70,   53) (  70,   67) (  69,   57)
          (  66,   61) (  66,   58) (  57,   60) (  62,   61) (  53,   55) (  54,   56) (  63,   56) (  44,   58) (  53,   56) (  55,   52)
          (  57,   61) (  57,   54) (  62,   62) (  46,   57) (  74,   60) (  53,   54) (  49,   61) (  71,   56) (  44,   57) (  62,   51)
          (  59,   58) (  56,   49) (  52,   56) (  61,   59) (  68,   57) (  47,   56) (  55,   56) (  65,   52) (  54,   60) (  58,   54)
          (  64,   65) (  46,   54) (  64,   58) (  59,   52) (  52,   59) (  50,   59) (  47,   55) (  63,   58) (  69,   54) (  61,   55)
          (  53,   58) (  63,   57) (  50,   60) (  64,   53) (  63,   57) (  52,   55) (  46,   57) (  61,   58) (  57,   59) (  63,   53)
          (  58,   60) (  58,   55) (  53,   58) (  58,   54) (  51,   61) (  57,   60) (  44,   54) (  66,   55) (  37,   50) (  62,   60)
          (  67,   63) (  57,   56) (  42,   58) (  57,   47) (  55,   53) (  71,   63) (  59,   61) (  57,   55) (  58,   55) (  61,   61)
          (  52,   53) (  60,   58) (  60,   60) (  57,   58) (  31,   53) (  68,   60) (  43,   58) (  66,   58) (  37,   54) (  78,   56)
          (  53,   57) (  31,   50) (  90,   60) (  49,   53) (  59,   58) (  51,   61) (  46,   53) (  59,   60) (  60,   57) (  54,   53)
          (  59,   60) (  62,   58) (  50,   58) (  58,   54) (  50,   60) (  56,   53) (  63,   54) (  36,   59) (  76,   63) (  60,   50)
          (  46,   52) (  63,   63) (  64,   54) (  56,   63) (  43,   58) (  67,   56) (  62,   51) (  58,   57) (  36,   60) (  68,   60)
          (  59,   52) (  48,   50) (  54,   57) (  62,   59) (  42,   54) (  68,   62) (  61,   58) (  41,   58) (  66,   52) (  53,   57)
          (  64,   56) (  50,   58) (  54,   54) (  61,   59) (  58,   64) (  58,   54) (  44,   53) (  68,   61) (  46,   51) (  65,   61)
          (  65,   53) (  54,   57) (  52,   57) (  49,   55) (  70,   60) (  53,   51) (  64,   60) (  58,   57) (  55,   56) (  52,   53)
          (  53,   54) (  76,   59) (  40,   52) (  68,   59) (  54,   55) (  71,   55) (  46,   60) (  64,   56) (  48,   61) (  65,   56)
          (  60,   57) (  51,   53) (  45,   55) (  71,   58) (  45,   52) (  67,   52) (  53,   60) (  62,   51) (  58,   61) (  49,   58)
          (  59,   51) (  58,   57) (  65,   57) (  56,   55) (  54,   57) (  65,   59) (  49,   56) (  64,   49) (  55,   57) (  58,   57)
          (  50,   59) (  48,   58) (  70,   59) (  58,   57) (  43,   57) (  71,   55) (  46,   56) (  52,   55) (  57,   57) (  61,   56)
          (  62,   57) (  43,   53) (  78,   65) (  64,   67) (  64,   64) (  64,   64) (  64,   64) (  64,   64) (  64,   64) (  64,   64)
          (  64,   64) (  64,   64) (  64,   64) (  64,   64) (  64,   64) (  64,   64) (  64,   64) (  64,   64) (  64,   64) (  64,   64)
          (  64,   64) (  64,   64) (  64,   64) (  64,   64) (  64,   64) (  64,   64) (  64,   64) (  64,   64) (  64,   64) (  64,   64)
          (  64,   64) (  64,   64) (  64,   64) (  64,   64) (  64,   64) (  64,   64) (  64,   64) (  64,   64) (  64,   64) (  64,   64)
          (  64,   64) (  64,   64) (  64,   64) (  64,   64) (  64,   64) (  64,   64) (  64,   64) (  64,   64) (  64,   64) (  64,   64)
          (  64,   64) (  64,   64) (  64,   64) (  64,   64) (  64,   64) (  64,   64) (  64,   64) (  64,   64) (  64,   64) (  64,   64)
          (  64,   64) (  64,   64) (  64,   64) (  64,   64) (  64,   64) (  64,   64) (  64,   64) (  64,   64) (  64,   64) (  64,   64)
          (  64,   64) (  64,   64) (  64,   64) (  64,   64) (  64,   64) (  64,   64) (  64,   64) (  64,   64) (  64,   64) (  64,   64)
          (  64,   64) (  64,   64) (  64,   64) (  64,   64) (  64,   64) (  64,   64) (  64,   64) (  64,   64) (  64,   64) (  64,   64)
          (  64,   64) (  64,   64) (  64,   64) (  64,   64) (  64,   64) (  64,   64) (  64,   64) (  64,   64) (  64,   64) (  64,   64)
          (  64,   64) (  64,   64) (  64,   64) (  64,   64) (  64,   64) (  64,   64) (  64,   64) (  64,   64) (  64,   64) (  64,   64)
          (  64,   64) (  64,   64) (  64,   64) (  64,   64) (  64,   64) (  64,   64) (  64,   64) (  64,   64) (  64,   64) (  64,   64)
          (  64,   64) (  64,   64) (  64,   64) (  64,   64) (  64,   64) (  64,   64) (  64,   64) (  64,   64) (  64,   64) (  64,   64)
          (  64,   64) (  64,   64) (  64,   64) (  64,   64) (  64,   64) (  64,   64) (  64,   64) (  64,   64) (  64,   64) (  64,   64)
          (  64,   64) (  64,   64) (  64,   64) (  64,   64) (  64,   64) (  64,   64) (  64,   64) (  64,   64) (  64,   64) (  64,   64)
          (  64,   64) (  64,   64) (  64,   64) (  64,   64) (  64,   64) (  64,   64) (  64,   64) (  64,   64) (  64,   64) (  64,   64)
          (  64,   64) (  64,   64) (  64,   64) (  64,   64) (  64,   64) (  64,   64) (  64,   64) (  64,   64) (  64,   64) (  64,   64)
          (  64,   64) (  64,   64) (  64,   64) (  64,   64) (  64,   64) (  64,   64) (  64,   64) (  64,   64) (  64,   64) (  64,   64)
          (  64,   64) (  64,   64) (  64,   64) (  64,   64) (  64,   64) (  64,   64) (  64,   64) (  64,   64) (  64,   64) (  64,   64)
          (  64,   64) (  64,   64) (  64,   64) (  64,   64) (  64,   64) (  64,   64) (  64,   64) (  64,   64) (  64,   64) (  64,   64)
          (  64,   64) (  64,   64) (  64,   64) (  64,   64) (  64,   64) (  64,   64) (  64,   64) (  64,   64) (  64,   64) (  64,   64)
          (  64,   64) (  64,   64) (  64,   64) (  64,   64) (  64,   64) (  64,   64) (  64,   64) (  64,   64) (  64,   64) (  64,   64)
          (  64,   64) (  64,   64) (  64,   64) (  64,   64) (  64,   64) (  64,   64) (  64,   64) (  64,   64) (  64,   64) (  64,   64)
          (  64,   64) (  64,   64) (  64,   64) (  64,   64) (  64,   64) (  64,   64) (  64,   64) (  64,   64) (  64,   64) (  64,   64)
          (  64,   64) (  64,   64) (  64,   64) (  64,   64) (  64,   64) (  64,   64) (  64,   64) (  64,   64) (  64,   64) (  64,   64)
          (  64,   64) (  64,   64) (  64,   64) (  64,   64) (  64,   64) (  64,   64) (  64,   64) (  64,   64) (  64,   64) (  64,   64)
          (  64,   64) (  64,   64) (  64,   64) (  64,   64) (  64,   64) (  64,   64) (  64,   64) (  64,   64) (  64,   64) (  64,   64)
          (  64,   64) (  64,   64) (  64,   64) (  64,   64) (  64,   64) (  64,   64) (  64,   64) (  64,   64) (  64,   64) (  64,   64)
          (  64,   64) (  64,   64) (  64,   64) (  64,   64) (  64,   64) (  64,   64) (  64,   64) (  64,   64) (  64,   64) (  64,   64)
          (  64,   64) (  64,   64) (  64,   64) (  64,   64) (  64,   64) (  64,   64) (  64,   64) (  64,   64) (  64,   64) (  64,   64)
          (  64,   64) (  64,   64) (  64,   64) (  64,   64) (  64,   64) (  64,   64) (  64,   64) (  64,   64) (  64,   64) (  64,   64)
          (  64,   64) (  64,   64) (  64,   64) (  64,   64) (  64,   64) (  64,   64) (  64,   64) (  64,   64) (  64,   64) (  64,   64)
          (  64,   64) (  64,   64) (  64,   64) (  64,   64) (  64,   64) (  64,   64) (  64,   64) (  64,   64) (  64,   64) (  64,   64)
          (  64,   64) (  64,   64) (  64,   64) (  64,   64) (  64,   64) (  64,   64) (  64,   64) (  64,   64) (  64,   64) (  64,   64)
          (  64,   64) (  64,   64) (  64,   64) (  64,   64) (  64,   64) (  64,   64) (  64,   64) (  64,   64) (  64,   64) (  64,   64)
          (  64,   64) (  64,   64) (  64,   64) (  64,   64) (  64,   64) (  64,   64) (  64,   64) (  64,   64) (  64,   64) (  64,   64)
          (  64,   64) (  64,   64) (  64,   64) (  64,   64) (  64,   64) (  64,   64) (  64,   64) (  64,   64) (  64,   64) (  64,   64)
          (  64,   64) (  64,   64) (  64,   64) (  64,   64) (  64,   64) (  64,   64) (  64,   64) (  64,   64) (  64,   64) (  64,   64)
          (  64,   64) (  64,   64) (  64,   64) (  64,   64) (  64,   64) (  64,   64) (  64,   64) (  64,   64) (  64,   64) (  64,   64)
          (  64,   64) (  64,   64) (  64,   64) (  64,   64) (  64,   64) (  64,   64) (  64,   64) (  64,   64) (  64,   64) (  64,   64)
         
node   5 sent_total  44437  recv_total  44214

node   6  (   0,    0) (   1,    0) (   0,    0) (   6,    4) (  62,   22) (  73,   55) (  97,   78) (  81,   91) (  81,   81) (  81,   81)
          (  81,   81) (  81,   81) (  81,   81) (  81,   81) (  81,   81) (  81,   81) (  81,   81) (  81,   81) (  81,   81) (  81,   81)
          (  81,   81) (  81,   81) (  81,   81) (  81,   81) (  81,   81) (  81,   81) (  81,   81) (  81,   81) (  81,   81) (  81,   81)
          (  81,   81) (  81,   81) (  81,   81) (  81,   81) (  81,   81) (  81,   81) (  81,   81) (  81,   81) (  81,   81) (  81,   81)
          (  81,   81) (  81,   81) (  81,   81) (  81,   81) (  81,   81) (  81,   81) (  81,   81) (  81,   81) (  81,   81) (  81,   81)
          (  81,   81) (  69,   81) (  62,   71) (  72,   68) (  73,   71) (  86,   72) (  74,   76) (  71,   72) (  63,   74) (  77,   65)
          (  73,   81) (  79,   74) (  57,   66) (  87,   69) (  56,   66) (  79,   74) (  65,   75) (  83,   75) (  76,   72) (  82,   71)
          (  69,   71) (  57,   62) (  71,   82) (  78,   70) (  75,   71) (  69,   77) (  60,   68) (  82,   65) (  79,   74) (  71,   71)
          (  59,   70) (  57,   67) (  88,   75) (  82,   76) (  69,   68) (  70,   77) (  59,   63) (  79,   67) (  81,   78) (  68,   73)
          (  78,   73) (  52,   73) (  85,   74) (  66,   72) (  91,   71) (  74,   73) (  77,   74) (  56,   60) (  87,   79) (  63,   72)
          (  59,   68) (   0,    0) (   0,    0) (   0,    0) (   0,    0) (   0,    0) (   0,    0) (   0,    0) (   0,    0) (   0,    0)
          (   0,    0) (   0,    0) (   0,    0) (   0,    0) (   0,    0) (   0,    0) (   0,    0) (   0,    0) (   0,    0) (   0,    0)
          (   0,    0) (   0,    0) (   0,    0) (   0,    0) (   0,    0) (   0,    0) (   0,    0) (   0,    0) (   0,    0) (   0,    0)
          (   0,    0) (   0,    0) (   0,    0) (   0,    0) (   0,    0) (   0,    0) (   0,    0) (   0,    0) (   0,    0) (   0,    0)
          (   0,    0) (   0,    0) (   0,    0) (   0,    0) (   0,    0) (   0,    0) (   0,    0) (   0,    0) (   0,    0) (   0,    0)
          (   0,    0) (   0,    0) (   0,    0) (   0,    0) (   0,    0) (   0,    0) (   0,    0) (   0,    0) (   0,    0) (   0,    0)
          (   0,    0) (   0,    0) (   0,    0) (   0,    0) (   0,    0) (   0,    0) (   0,    0) (   0,    0) (   0,    0) (   0,    0)
          (   0,    0) (   0,    0) (   0,    0) (   0,    0) (   0,    0) (   0,    0) (   0,    0) (   0,    0) (   0,    0) (   0,    0)
          (   0,    0) (   0,    0) (   0,    0) (   0,    0) (   0,    0) (   0,    0) (   0,    0) (   0,    0) (   0,    0) (   0,    0)
          (   0,    0) (   0,    0) (   0,    0) (   0,    0) (   0,    0) (   0,    0) (   0,    0) (   0,    0) (   0,    0) (   0,    0)
          (   0,    0) (   0,    0) (   0,    0) (   0,    0) (   0,    0) (   0,    0) (   0,    0) (   0,    0) (   0,    0) (   0,    0)
          (   0,    0) (   0,    0) (   0,    0) (   0,    0) (   0,    0) (   0,    0) (   0,    0) (   0,    0) (   0,    0) (   0,    0)
          (   0,    0) (   0,    0) (   0,    0) (   0,    0) (   0,    0) (   0,    0) (   0,    0) (   0,    0) (   0,    0) (   0,    0)
          (   0,    0) (   0,    0) (   0,    0) (   0,    0) (   0,    0) (   0,    0) (   0,    0) (   0,    0) (   0,    0) (   0,    0)
          (   0,    0) (   0,    0) (   0,    0) (   0,    0) (   0,    0) (   0,    0) (   0,    0) (   0,    0) (   0,    0) (   0,    0)
          (   0,    0) (   0,    0) (   0,    0) (   0,    0) (   0,    0) (   0,    0) (   0,    0) (   0,    0) (   0,    0) (   0,    0)
          (   0,    0) (   0,    0) (   0,    0) (   0,    0) (   0,    0) (   0,    0) (   0,    0) (   0,    0) (   0,    0) (   0,    0)
          (   0,    0) (   0,    0) (   0,    0) (   0,    0) (   0,    0) (   0,    0) (   0,    0) (   0,    0) (   0,    0) (   0,    0)
          (   0,    0) (   0,    0) (   0,    0) (   0,    0) (   0,    0) (   0,    0) (   0,    0) (   0,    0) (   0,    0) (   0,    0)
          (   0,    0) (   0,    0) (   0,    0) (   0,    0) (   0,    0) (   0,    0) (   0,    0) (   0,    0) (   0,    0) (   0,    0)
          (   0,    0) (   0,    0) (   0,    0) (   0,    0) (   0,    0) (   0,    0) (   0,    0) (   0,    0) (   0,    0) (   0,    0)
          (   0,    0) (   0,    0) (   0,    0) (   0,    0) (   0,    0) (   0,    0) (   0,    0) (   0,    0) (   0,    0) (   0,    0)
          (   0,    0) (   0,    0) (   0,    0) (   0,    0) (   0,    0) (   0,    0) (   0,    0) (   0,    0) (   0,    0) (   0,    0)
          (   0,    0) (   0,    0) (   0,    0) (   0,    0) (   0,    0) (   0,    0) (   0,    0) (   0,    0) (   0,    0) (   0,    0)
          (   0,    0) (   0,    0) (   0,    0) (   0,    0) (   0,    0) (   0,    0) (   0,    0) (   0,    0) (   0,    0) (   0,    0)
          (   0,    0) (   0,    0) (   0,    0) (   0,    0) (   0,    0) (   0,    0) (   0,    0) (   0,    0) (   0,    0) (   0,    0)
          (   0,    0) (   0,    0) (   0,    0) (   0,    0) (   0,    0) (   0,    0) (   0,    0) (   0,    0) (   0,    0) (   0,    0)
          (   0,    0) (   0,    0) (   0,    0) (   0,    0) (   0,    0) (   0,    0) (   0,    0) (   0,    0) (   0,    0) (   0,    0)
          (   0,    0) (   0,    0) (   0,    0) (   0,    0) (   0,    0) (   0,    0) (   0,    0) (   0,    0) (   0,    0) (   0,    0)
          (   0,    0) (   0,    0) (   0,    0) (   0,    0) (   0,    0) (   0,    0) (   0,    0) (   0,    0) (   0,    0) (   0,    0)
          (   0,    0) (   0,    0) (   0,    0) (   0,    0) (   0,    0) (   0,    0) (   0,    0) (   0,    0) (   0,    0) (   0,    0)
          (   0,    0) (   0,    0) (   0,    0) (   0,    0) (   0,    0) (   0,    0) (   0,    0) (   0,    0) (   0,    0) (   0,    0)
          (   0,    0) (   0,    0) (   0,    0) (   0,    0) (   0,    0) (   0,    0) (   0,    0) (   0,    0) (   0,    0) (   0,    0)
          (   0,    0) (   0,    0) (   0,    0) (   0,    0) (   0,    0) (   0,    0) (   0,    0) (   0,    0) (   0,    0) (   0,    0)
          (   0,    0) (   0,    0) (   0,    0) (   0,    0) (   0,    0) (   0,    0) (   0,    0) (   0,    0) (   0,    0) (   0,    0)
          (   0,    0) (   0,    0) (   0,    0) (   0,    0) (   0,    0) (   0,    0) (   0,    0) (   0,    0) (   0,    0) (   0,    0)
          (   0,    0) (   0,    0) (   0,    0) (   0,    0) (   0,    0) (   0,    0) (   0,    0) (   0,    0) (   0,    0) (   0,    0)
          (   0,    0) (   0,    0) (   0,    0) (   0,    0) (   0,    0) (   0,    0) (   0,    0) (   0,    0) (   0,    0) (   0,    0)
          (   0,    0) (   0,    0) (   0,    0) (   0,    0) (   0,    0) (   0,    0) (   0,    0) (   0,    0) (   0,    0) (   0,    0)
          (   0,    0) (   0,    0) (   0,    0) (   0,    0) (   0,    0) (   0,    0) (   0,    0) (   0,    0) (   0,    0) (   0,    0)
          (   0,    0) (   0,    0) (   0,    0) (   0,    0) (   0,    0) (   0,    0) (   0,    0) (   0,    0) (   0,    0) (   0,    0)
          (   0,    0) (   0,    0) (   0,    0) (   0,    0) (   0,    0) (   0,    0) (   0,    0) (   0,    0) (   0,    0) (   0,    0)
          (   0,    0) (   0,    0) (   0,    0) (   0,    0) (   0,    0) (   0,    0) (   0,    0) (   0,    0) (   0,    0) (   0,    0)
          (   0,    0) (   0,    0) (   0,    0) (   0,    0) (   0,    0) (   0,    0) (   0,    0) (   0,    0) (   0,    0) (   0,    0)
          (   0,    0) (   0,    0) (   0,    0) (   0,    0) (   0,    0) (   0,    0) (   0,    0) (   0,    0) (   0,    0) (   0,    0)
          (   0,    0) (   0,    0) (   0,    0) (   0,    0) (   0,    0) (   0,    0) (   0,    0) (   0,    0) (   0,    0) (   0,    0)
          (   0,    0) (   0,    0) (   0,    0) (   0,    0) (   0,    0) (   0,    0) (   0,    0) (   0,    0) (   0,    0) (   0,    0)
          (   0,    0) (   0,    0) (   0,    0) (   0,    0) (   0,    0) (   0,    0) (   0,    0) (   0,    0) (   0,    0) (   0,    0)
          (   0,    0) (   0,    0) (   0,    0) (   0,    0) (   0,    0) (   0,    0) (   0,    0) (   0,    0) (   0,    0) (   0,    0)
          (   0,    0) (   0,    0) (   0,    0) (   0,    0) (   0,    0) (   0,    0) (   0,    0) (   0,    0) (   0,    0) (   0,    0)
          (   0,    0) (   0,    0) (   0,    0) (   0,    0) (   0,    0) (   0,    0) (   0,    0) (   0,    0) (   0,    0) (   0,    0)
          (   0,    0) (   0,    0) (   0,    0) (   0,    0) (   0,    0) (   0,    0) (   0,    0) (   0,    0) (   0,    0) (   0,    0)
          (   0,    0) (   0,    0) (   0,    0) (   0,    0) (   0,    0) (   0,    0) (   0,    0) (   0,    0) (   0,    0) (   0,    0)
          (   0,    0) (   0,    0) (   0,    0) (   0,    0) (   0,    0) (   0,    0) (   0,    0) (   0,    0) (   0,    0) (   0,    0)
          (   0,    0) (   0,    0) (   0,    0) (   0,    0) (   0,    0) (   0,    0) (   0,    0) (   0,    0) (   0,    0) (   0,    0)
          (   0,    0) (   0,    0) (   0,    0) (   0,    0) (   0,    0) (   0,    0) (   0,    0) (   0,    0) (   0,    0) (   0,    0)
          (   0,    0) (   0,    0) (   0,    0) (   0,    0) (   0,    0) (   0,    0) (   0,    0) (   0,    0) (   0,    0) (   0,    0)
          (   0,    0) (   0,    0) (   0,    0) (   0,    0) (   0,    0) (   0,    0) (   0,    0) (   0,    0) (   0,    0) (   0,    0)
          (   0,    0) (   0,    0) (   0,    0) (   0,    0) (   0,    0) (   0,    0) (   0,    0) (   0,    0) (   0,    0) (   0,    0)
          (   0,    0) (   0,    0) (   0,    0) (   0,    0) (   0,    0) (   0,    0) (   0,    0) (   0,    0) (   0,    0) (   0,    0)
         
node   6 sent_total   7398  recv_total   7320

node   7  (   0,    0) (   1,    0) (   0,    0) (   3,    3) (  79,   25) (  65,   60) (  97,   77) (  81,   91) (  81,   81) (  81,   81)
          (  81,   81) (  81,   81) (  81,   81) (  81,   81) (  81,   81) (  81,   81) (  81,   81) (  81,   81) (  81,   81) (  81,   81)
          (  81,   81) (  81,   81) (  81,   81) (  81,   81) (  81,   81) (  81,   81) (  81,   81) (  81,   81) (  81,   81) (  81,   81)
          (  81,   81) (  81,   81) (  81,   81) (  81,   81) (  81,   81) (  81,   81) (  81,   81) (  81,   81) (  81,   81) (  81,   81)
          (  81,   81) (  81,   81) (  81,   81) (  81,   81) (  81,   81) (  81,   81) (  81,   81) (  81,   81) (  81,   81) (  81,   81)
          (  81,   81) (  70,   81) (  73,   71) (  72,   69) (  73,   72) (  75,   73) (  64,   70) (  72,   77) (  83,   71) (  62,   60)
          (  72,   80) (  76,   75) (  78,   68) (  66,   70) (  62,   75) (  93,   72) (  65,   76) (  76,   73) (  74,   71) (  75,   72)
          (  54,   70) (  97,   75) (  68,   75) (  81,   67) (  77,   66) (  63,   80) (  68,   68) (  74,   72) (  82,   75) (  68,   73)
          (  62,   73) (  65,   69) (  84,   76) (  74,   75) (  73,   67) (  66,   75) (  66,   67) (  76,   68) (  67,   74) (  69,   78)
          (  71,   72) (  71,   74) (  72,   66) (  77,   70) (  87,   69) (  74,   74) (  52,   75) (  96,   70) (  75,   72) (  71,   78)
          (  71,   68) (  69,   72) (  63,   64) (  61,   65) (  72,   53) (  58,   55) (  71,   59) (  63,   59) (  58,   55) (  70,   55)
          (  52,   61) (  72,   53) (  72,   58) (  69,   55) (  59,   49) (  75,   70) (  64,   57) (  64,   54) (  65,   66) (  63,   57)
          (  63,   58) (  56,   58) (  69,   61) (  52,   53) (  53,   53) (  60,   56) (  58,   60) (  52,   61) (  64,   57) (  51,   49)
          (  56,   60) (  60,   61) (  54,   60) (  51,   61) (  60,   53) (  59,   57) (  52,   59) (  61,   52) (  62,   64) (  57,   53)
          (  54,   57) (  59,   57) (  61,   58) (  54,   53) (  56,   58) (  69,   63) (  38,   50) (  70,   56) (  51,   60) (  63,   51)
          (  40,   57) (  66,   55) (  65,   56) (  55,   57) (  61,   58) (  58,   52) (  64,   49) (  57,   58) (  58,   60) (  48,   56)
          (  69,   58) (  57,   55) (  52,   59) (  57,   58) (  43,   55) (  66,   54) (  65,   59) (  60,   55) (  53,   51) (  72,   62)
          (  51,   59) (  50,   56) (  53,   57) (  56,   54) (  61,   62) (  55,   58) (  51,   60) (  50,   52) (  60,   53) (  65,   56)
          (  67,   59) (  51,   57) (  49,   60) (  48,   47) (  70,   53) (  54,   54) (  56,   61) (  44,   55) (  78,   56) (  44,   58)
          (  66,   53) (  59,   53) (  64,   62) (  42,   60) (  67,   57) (  58,   59) (  50,   56) (  68,   55) (  49,   58) (  61,   55)
          (  53,   65) (  57,   55) (  57,   49) (  66,   61) (  41,   55) (  55,   57) (  59,   56) (  64,   60) (  62,   57) (  51,   53)
          (  59,   59) (  67,   59) (  57,   58) (  57,   55) (  49,   51) (  42,   52) (  76,   58) (  56,   57) (  53,   58) (  46,   52)
          (  66,   56) (  60,   58) (  61,   54) (  54,   60) (  56,   56) (  55,   57) (  53,   58) (  65,   58) (  59,   60) (  50,   58)
          (  53,   53) (  53,   54) (  75,   60) (  61,   58) (  57,   58) (  53,   56) (  59,   64) (  45,   60) (  65,   54) (  65,   60)
          (  52,   51) (  60,   64) (  60,   50) (  62,   64) (  50,   56) (  61,   58) (  49,   53) (  70,   59) (  54,   57) (  56,   56)
          (  51,   52) (  65,   57) (  57,   60) (  52,   54) (  53,   56) (  46,   54) (  60,   58) (  65,   58) (  51,   60) (  54,   49)
          (  62,   59) (  60,   55) (  60,   54) (  52,   57) (  59,   57) (  63,   56) (  56,   66) (  51,   53) (  59,   61) (  62,   60)
          (  37,   53) (  80,   64) (  60,   54) (  44,   50) (  64,   58) (  59,   49) (  49,   64) (  63,   54) (  47,   57) (  34,   52)
          (  75,   61) (  49,   56) (  53,   57) (  60,   55) (  66,   57) (  52,   56) (  60,   59) (  57,   52) (  49,   58) (  54,   59)
          (  60,   60) (  66,   57) (  60,   59) (  51,   54) (  57,   59) (  58,   50) (  53,   54) (  66,   56) (  55,   59) (  53,   62)
          (  57,   56) (  64,   54) (  71,   63) (  64,   67) (  64,   64) (  64,   64) (  64,   64) (  64,   64) (  64,   64) (  64,   64)
          (  64,   64) (  64,   64) (  64,   64) (  64,   64) (  64,   64) (  64,   64) (  64,   64) (  64,   64) (  64,   64) (  64,   64)
          (  64,   64) (  64,   64) (  64,   64) (  64,   64) (  64,   64) (  64,   64) (  64,   64) (  64,   64) (  64,   64) (  64,   64)
          (  64,   64) (  64,   64) (  64,   64) (  64,   64) (  64,   64) (  64,   64) (  64,   64) (  64,   64) (  64,   64) (  64,   64)
          (  64,   64) (  64,   64) (  64,   64) (  64,   64) (  64,   64) (  64,   64) (  64,   64) (  64,   64) (  64,   64) (  64,   64)
          (  64,   64) (  64,   64) (  64,   64) (  64,   64) (  64,   64) (  64,   64) (  64,   64) (  64,   64) (  64,   64) (  64,   64)
          (  64,   64) (  64,   64) (  64,   64) (  64,   64) (  64,   64) (  64,   64) (  64,   64) (  64,   64) (  64,   64) (  64,   64)
          (  64,   64) (  64,   64) (  64,   64) (  64,   64) (  64,   64) (  64,   64) (  64,   64) (  64,   64) (  64,   64) (  64,   64)
          (  64,   64) (  64,   64) (  64,   64) (  64,   64) (  64,   64) (  64,   64) (  64,   64) (  64,   64) (  64,   64) (  64,   64)
          (  64,   64) (  64,   64) (  64,   64) (  64,   64) (  64,   64) (  64,   64) (  64,   64) (  64,   64) (  64,   64) (  64,   64)
          (  64,   64) (  64,   64) (  64,   64) (  64,   64) (  64,   64) (  64,   64) (  64,   64) (  64,   64) (  64,   64) (  64,   64)
          (  64,   64) (  64,   64) (  64,   64) (  64,   64) (  64,   64) (  64,   64) (  64,   64) (  64,   64) (  64,   64) (  64,   64)
          (  64,   64) (  64,   64) (  64,   64) (  64,   64) (  64,   64) (  64,   64) (  64,   64) (  64,   64) (  64,   64) (  64,   64)
          (  64,   64) (  64,   64) (  64,   64) (  64,   64) (  64,   64) (  64,   64) (  64,   64) (  64,   64) (  64,   64) (  64,   64)
          (  64,   64) (  64,   64) (  64,   64) (  64,   64) (  64,   64) (  64,   64) (  64,   64) (  64,   64) (  64,   64) (  64,   64)
          (  64,   64) (  64,   64) (  64,   64) (  64,   64) (  64,   64) (  64,   64) (  64,   64) (  64,   64) (  64,   64) (  64,   64)
          (  64,   64) (  64,   64) (  64,   64) (  64,   64) (  64,   64) (  64,   64) (  64,   64) (  64,   64) (  64,   64) (  64,   64)
          (  64,   64) (  64,   64) (  64,   64) (  64,   64) (  64,   64) (  64,   64) (  64,   64) (  64,   64) (  64,   64) (  64,   64)
          (  64,   64) (  64,   64) (  64,   64) (  64,   64) (  64,   64) (  64,   64) (  64,   64) (  64,   64) (  64,   64) (  64,   64)
          (  64,   64) (  64,   64) (  64,   64) (  64,   64) (  64,   64) (  64,   64) (  64,   64) (  64,   64) (  64,   64) (  64,   64)
          (  64,   64) (  64,   64) (  64,   64) (  64,   64) (  64,   64) (  64,   64) (  64,   64) (  64,   64) (  64,   64) (  64,   64)
          (  64,   64) (  64,   64) (  64,   64) (  64,   64) (  64,   64) (  64,   64) (  64,   64) (  64,   64) (  64,   64) (  64,   64)
          (  64,   64) (  64,   64) (  64,   64) (  64,   64) (  64,   64) (  64,   64) (  64,   64) (  64,   64) (  64,   64) (  64,   64)
          (  64,   64) (  64,   64) (  64,   64) (  64,   64) (  64,   64) (  64,   64) (  64,   64) (  64,   64) (  64,   64) (  64,   64)
          (  64,   64) (  64,   64) (  64,   64) (  64,   64) (  64,   64) (  64,   64) (  64,   64) (  64,   64) (  64,   64) (  64,   64)
          (  64,   64) (  64,   64) (  64,   64) (  64,   64) (  64,   64) (  64,   64) (  64,   64) (  64,   64) (  64,   64) (  64,   64)
          (  64,   64) (  64,   64) (  64,   64) (  64,   64) (  64,   64) (  64,   64) (  64,   64) (  64,   64) (  64,   64) (  64,   64)
          (  64,   64) (  64,   64) (  64,   64) (  64,   64) (  64,   64) (  64,   64) (  64,   64) (  64,   64) (  64,   64) (  64,   64)
          (  64,   64) (  64,   64) (  64,   64) (  64,   64) (  64,   64) (  64,   64) (  64,   64) (  64,   64) (  64,   64) (  64,   64)
          (  64,   64) (  64,   64) (  64,   64) (  64,   64) (  64,   64) (  64,   64) (  64,   64) (  64,   64) (  64,   64) (  64,   64)
          (  64,   64) (  64,   64) (  64,   64) (  64,   64) (  64,   64) (  64,   64) (  64,   64) (  64,   64) (  64,   64) (  64,   64)
          (  64,   64) (  64,   64) (  64,   64) (  64,   64) (  64,   64) (  64,   64) (  64,   64) (  64,   64) (  64,   64) (  64,   64)
          (  64,   64) (  64,   64) (  64,   64) (  64,   64) (  64,   64) (  64,   64) (  64,   64) (  64,   64) (  64,   64) (  64,   64)
          (  64,   64) (  64,   64) (  64,   64) (  64,   64) (  64,   64) (  64,   64) (  64,   64) (  64,   64) (  64,   64) (  64,   64)
          (  64,   64) (  64,   64) (  64,   64) (  64,   64) (  64,   64) (  64,   64) (  64,   64) (  64,   64) (  64,   64) (  64,   64)
          (  64,   64) (  64,   64) (  64,   64) (  64,   64) (  64,   64) (  64,   64) (  64,   64) (  64,   64) (  64,   64) (  64,   64)
          (  64,   64) (  64,   64) (  64,   64) (  64,   64) (  64,   64) (  64,   64) (  64,   64) (  64,   64) (  64,   64) (  64,   64)
          (  64,   64) (  64,   64) (  64,   64) (  64,   64) (  64,   64) (  64,   64) (  64,   64) (  64,   64) (  64,   64) (  64,   64)
          (  64,   64) (  64,   64) (  64,   64) (  64,   64) (  64,   64) (  64,   64) (  64,   64) (  64,   64) (  64,   64) (  64,   64)
          (  64,   64) (  64,   64) (  64,   64) (  64,   64) (  64,   64) (  64,   64) (  64,   64) (  64,   64) (  64,   64) (  64,   64)
         
node   7 sent_total  44564  recv_total  44253

node   8  (   0,    0) (   1,    0) (   0,    0) (   1,    2) (  96,   27) (  65,   59) (  81,   73) (  81,   93) (  81,   81) (  81,   81)
          (  81,   81) (  81,   81) (  81,   81) (  81,   81) (  81,   81) (  81,   81) (  81,   81) (  81,   81) (  81,   81) (  81,   81)
          (  81,   81) (  81,   81) (  81,   81) (  81,   81) (  81,   81) (  81,   81) (  81,   81) (  81,   81) (  81,   81) (  81,   81)
          (  81,   81) (  81,   81) (  81,   81) (  81,   81) (  81,   81) (  81,   81) (  81,   81) (  81,   81) (  81,   81) (  81,   81)
          (  81,   81) (  81,   81) (  81,   81) (  81,   81) (  81,   81) (  81,   81) (  81,   81) (  81,   81) (  81,   81) (  81,   81)
          (  81,   81) (  73,   81) (  70,   74) (  65,   66) (  71,   75) (  74,   67) (  73,   75) (  71,   77) (  58,   69) (  82,   70)
          (  76,   77) (  62,   67) (  95,   67) (  66,   67) (  82,   78) (  64,   67) (  66,   76) (  87,   76) (  64,   68) (  81,   68)
          (  76,   69) (  81,   71) (  73,   79) (  77,   71) (  76,   73) (  67,   72) (  86,   74) (  43,   62) (  89,   67) (  82,   77)
          (  72,   70) (  75,   69) (  60,   71) (  80,   81) (  77,   64) (  79,   80) (  52,   62) (  67,   60) (  96,   71) (  79,   69)
          (  72,   78) (  69,   68) (  56,   69) (  91,   71) (  65,   66) (  81,   79) (  61,   77) (  63,   64) (  80,   76) (  78,   77)
          (  74,   67) (  63,   72) (  75,   64) (  60,   56) (  65,   56) (  50,   54) (  68,   51) (  67,   59) (  68,   60) (  73,   56)
          (  62,   55) (  52,   57) (  69,   57) (  65,   59) (  76,   54) (  60,   58) (  76,   61) (  67,   52) (  62,   63) (  58,   55)
          (  70,   60) (  61,   63) (  66,   59) (  63,   57) (  66,   56) (  53,   57) (  57,   58) (  56,   57) (  49,   58) (  65,   56)
          (  59,   51) (  53,   52) (  63,   62) (  51,   59) (  52,   56) (  75,   55) (  61,   60) (  58,   55) (  59,   65) (  45,   51)
          (  64,   54) (  51,   54) (  53,   52) (  71,   61) (  52,   54) (  58,   57) (  48,   49) (  58,   50) (  54,   62) (  63,   51)
          (  55,   66) (  59,   56) (  45,   55) (  68,   58) (  57,   58) (  51,   56) (  59,   53) (  69,   58) (  53,   59) (  61,   60)
          (  61,   56) (  55,   58) (  57,   61) (  57,   58) (  59,   59) (  48,   57) (  64,   60) (  53,   55) (  64,   59) (  54,   58)
          (  40,   54) (  58,   56) (  79,   54) (  57,   49) (  59,   59) (  60,   58) (  57,   57) (  34,   42) (  69,   60) (  51,   58)
          (  59,   62) (  63,   60) (  46,   61) (  45,   48) (  59,   51) (  72,   59) (  55,   66) (  46,   54) (  70,   51) (  59,   61)
          (  45,   52) (  69,   57) (  58,   59) (  39,   55) (  73,   55) (  56,   55) (  60,   60) (  42,   55) (  73,   59) (  60,   53)
          (  57,   61) (  46,   53) (  69,   59) (  62,   60) (  58,   59) (  51,   59) (  41,   55) (  78,   59) (  41,   58) (  62,   53)
          (  64,   61) (  63,   59) (  60,   59) (  49,   54) (  67,   53) (  53,   53) (  51,   50) (  57,   59) (  52,   64) (  63,   52)
          (  59,   56) (  43,   56) (  62,   54) (  65,   63) (  48,   55) (  34,   57) (  75,   57) (  59,   62) (  60,   57) (  47,   55)
          (  49,   50) (  61,   53) (  54,   56) (  49,   58) (  59,   57) (  63,   59) (  56,   57) (  47,   59) (  63,   49) (  57,   60)
          (  46,   54) (  63,   62) (  46,   55) (  60,   56) (  67,   61) (  51,   49) (  56,   54) (  62,   61) (  59,   62) (  52,   57)
          (  46,   52) (  68,   55) (  51,   55) (  50,   55) (  66,   61) (  55,   54) (  51,   56) (  55,   63) (  66,   59) (  59,   55)
          (  50,   58) (  52,   58) (  58,   56) (  58,   59) (  49,   59) (  56,   60) (  45,   58) (  64,   54) (  62,   55) (  56,   60)
          (  57,   58) (  52,   60) (  64,   59) (  52,   54) (  29,   53) (  67,   59) (  60,   61) (  55,   55) (  56,   57) (  58,   56)
          (  52,   54) (  53,   58) (  69,   58) (  61,   57) (  51,   58) (  59,   59) (  50,   57) (  58,   57) (  49,   55) (  55,   61)
          (  56,   57) (  46,   60) (  62,   58) (  59,   54) (  42,   58) (  57,   56) (  70,   60) (  49,   54) (  64,   59) (  59,   58)
          (  59,   59) (  57,   56) (  64,   63) (  64,   69) (  64,   64) (  64,   64) (  64,   64) (  64,   64) (  64,   64) (  64,   64)
          (  64,   64) (  64,   64) (  64,   64) (  64,   64) (  64,   64) (  64,   64) (  64,   64) (  64,   64) (  64,   64) (  64,   64)
          (  64,   64) (  64,   64) (  64,   64) (  64,   64) (  64,   64) (  64,   64) (  64,   64) (  64,   64) (  64,   64) (  64,   64)
          (  64,   64) (  64,   64) (  64,   64) (  64,   64) (  64,   64) (  64,   64) (  64,   64) (  64,   64) (  64,   64) (  64,   64)
          (  64,   64) (  64,   64) (  64,   64) (  64,   64) (  64,   64) (  64,   64) (  64,   64) (  64,   64) (  64,   64) (  64,   64)
          (  64,   64) (  64,   64) (  64,   64) (  64,   64) (  64,   64) (  64,   64) (  64,   64) (  64,   64) (  64,   64) (  64,   64)
          (  64,   64) (  64,   64) (  64,   64) (  64,   64) (  64,   64) (  64,   64) (  64,   64) (  64,   64) (  64,   64) (  64,   64)
          (  64,   64) (  64,   64) (  64,   64) (  64,   64) (  64,   64) (  64,   64) (  64,   64) (  64,   64) (  64,   64) (  64,   64)
          (  64,   64) (  64,   64) (  64,   64) (  64,   64) (  64,   64) (  64,   64) (  64,   64) (  64,   64) (  64,   64) (  64,   64)
          (  64,   64) (  64,   64) (  64,   64) (  64,   64) (  64,   64) (  64,   64) (  64,   64) (  64,   64) (  64,   64) (  64,   64)
          (  64,   64) (  64,   64) (  64,   64) (  64,   64) (  64,   64) (  64,   64) (  64,   64) (  64,   64) (  64,   64) (  64,   64)
          (  64,   64) (  64,   64) (  64,   64) (  64,   64) (  64,   64) (  64,   64) (  64,   64) (  64,   64) (  64,   64) (  64,   64)
          (  64,   64) (  64,   64) (  64,   64) (  64,   64) (  64,   64) (  64,   64) (  64,   64) (  64,   64) (  64,   64) (  64,   64)
          (  64,   64) (  64,   64) (  64,   64) (  64,   64) (  64,   64) (  64,   64) (  64,   64) (  64,   64) (  64,   64) (  64,   64)
          (  64,   64) (  64,   64) (  64,   64) (  64,   64) (  64,   64) (  64,   64) (  64,   64) (  64,   64) (  64,   64) (  64,   64)
          (  64,   64) (  64,   64) (  64,   64) (  64,   64) (  64,   64) (  64,   64) (  64,   64) (  64,   64) (  64,   64) (  64,   64)
          (  64,   64) (  64,   64) (  64,   64) (  64,   64) (  64,   64) (  64,   64) (  64,   64) (  64,   64) (  64,   64) (  64,   64)
          (  64,   64) (  64,   64) (  64,   64) (  64,   64) (  64,   64) (  64,   64) (  64,   64) (  64,   64) (  64,   64) (  64,   64)
          (  64,   64) (  64,   64) (  64,   64) (  64,   64) (  64,   64) (  64,   64) (  64,   64) (  64,   64) (  64,   64) (  64,   64)
          (  64,   64) (  64,   64) (  64,   64) (  64,   64) (  64,   64) (  64,   64) (  64,   64) (  64,   64) (  64,   64) (  64,   64)
          (  64,   64) (  64,   64) (  64,   64) (  64,   64) (  64,   64) (  64,   64) (  64,   64) (  64,   64) (  64,   64) (  64,   64)
          (  64,   64) (  64,   64) (  64,   64) (  64,   64) (  64,   64) (  64,   64) (  64,   64) (  64,   64) (  64,   64) (  64,   64)
          (  64,   64) (  64,   64) (  64,   64) (  64,   64) (  64,   64) (  64,   64) (  64,   64) (  64,   64) (  64,   64) (  64,   64)
          (  64,   64) (  64,   64) (  64,   64) (  64,   64) (  64,   64) (  64,   64) (  64,   64) (  64,   64) (  64,   64) (  64,   64)
          (  64,   64) (  64,   64) (  64,   64) (  64,   64) (  64,   64) (  64,   64) (  64,   64) (  64,   64) (  64,   64) (  64,   64)
          (  64,   64) (  64,   64) (  64,   64) (  64,   64) (  64,   64) (  64,   64) (  64,   64) (  64,   64) (  64,   64) (  64,   64)
          (  64,   64) (  64,   64) (  64,   64) (  64,   64) (  64,   64) (  64,   64) (  64,   64) (  64,   64) (  64,   64) (  64,   64)
          (  64,   64) (  64,   64) (  64,   64) (  64,   64) (  64,   64) (  64,   64) (  64,   64) (  64,   64) (  64,   64) (  64,   64)
          (  64,   64) (  64,   64) (  64,   64) (  64,   64) (  64,   64) (  64,   64) (  64,   64) (  64,   64) (  64,   64) (  64,   64)
          (  64,   64) (  64,   64) (  64,   64) (  64,   64) (  64,   64) (  64,   64) (  64,   64) (  64,   64) (  64,   64) (  64,   64)
          (  64,   64) (  64,   64) (  64,   64) (  64,   64) (  64,   64) (  64,   64) (  64,   64) (  64,   64) (  64,   64) (  64,   64)
          (  64,   64) (  64,   64) (  64,   64) (  64,   64) (  64,   64) (  64,   64) (  64,   64) (  64,   64) (  64,   64) (  64,   64)
          (  64,   64) (  64,   64) (  64,   64) (  64,   64) (  64,   64) (  64,   64) (  64,   64) (  64,   64) (  64,   64) (  64,   64)
          (  64,   64) (  64,   64) (  64,   64) (  64,   64) (  64,   64) (  64,   64) (  64,   64) (  64,   64) (  64,   64) (  64,   64)
          (  64,   64) (  64,   64) (  64,   64) (  64,   64) (  64,   64) (  64,   64) (  64,   64) (  64,   64) (  64,   64) (  64,   64)
          (  64,   64) (  64,   64) (  64,   64) (  64,   64) (  64,   64) (  64,   64) (  64,   64) (  64,   64) (  64,   64) (  64,   64)
          (  64,   64) (  64,   64) (  64,   64) (  64,   64) (  64,   64) (  64,   64) (  64,   64) (  64,   64) (  64,   64) (  64,   64)
          (  64,   64) (  64,   64) (  64,   64) (  64,   64) (  64,   64) (  64,   64) (  64,   64) (  64,   64) (  64,   64) (  64,   64)
          (  64,   64) (  64,   64) (  64,   64) (  64,   64) (  64,   64) (  64,   64) (  64,   64) (  64,   64) (  64,   64) (  64,   64)
          (  64,   64) (  64,   64) (  64,   64) (  64,   64) (  64,   64) (  64,   64) (  64,   64) (  64,   64) (  64,   64) (  64,   64)
         
node   8 sent_total  44509  recv_total  44230

node   9  (   0,    0) (   0,    0) (   1,    0) (   0,    0) (   4,    3) (  82,   28) (  81,   85) (  81,   87) (  81,   81) (  81,   81)
          (  81,   81) (  81,   81) (  81,   81) (  81,   81) (  81,   81) (  81,   81) (  81,   81) (  81,   81) (  81,   81) (  81,   81)
          (  81,   81) (  81,   81) (  81,   81) (  81,   81) (  81,   81) (  81,   81) (  81,   81) (  81,   81) (  81,   81) (  81,   81)
          (  81,   81) (  81,   81) (  81,   81) (  81,   81) (  81,   81) (  81,   81) (  81,   81) (  81,   81) (  81,   81) (  81,   81)
          (  81,   81) (  81,   81) (  81,   81) (  81,   81) (  81,   81) (  81,   81) (  81,   81) (  81,   81) (  81,   81) (  81,   81)
          (  81,   81) (  71,   81) (  74,   73) (  59,   66) (  83,   70) (  76,   72) (  64,   74) (  75,   72) (  70,   70) (  82,   68)
          (  73,   78) (  70,   71) (  66,   72) (  68,   68) (  77,   72) (  80,   71) (  66,   72) (  69,   67) (  78,   74) (  53,   69)
          (  72,   73) (  65,   64) (  66,   75) (  69,   74) (  72,   76) (  73,   75) (  65,   73) (  82,   77) (  63,   70) (  67,   79)
          (  43,   65) ( 100,   72) (  81,   70) (  68,   78) (  80,   69) (  58,   77) (  80,   66) (  80,   68) (  65,   72) (  73,   75)
          (  66,   71) (  68,   76) (  73,   70) (  76,   71) (  60,   68) (  78,   80) (  74,   71) (  74,   63) (  75,   74) (  65,   70)
          (  77,   70) (  72,   71) (  63,   59) (  59,   57) (  73,   53) (  58,   55) (  68,   54) (  76,   59) (  37,   53) (  88,   56)
          (  64,   57) (  67,   58) (  60,   54) (  54,   61) (  69,   56) (  59,   60) (  51,   54) (  83,   55) (  66,   61) (  57,   59)
          (  73,   61) (  68,   55) (  64,   57) (  58,   59) (  65,   56) (  46,   62) (  57,   56) (  54,   56) (  65,   54) (  62,   51)
          (  55,   60) (  44,   56) (  67,   64) (  57,   61) (  62,   51) (  57,   55) (  52,   62) (  65,   53) (  44,   57) (  62,   53)
          (  52,   58) (  55,   55) (  59,   54) (  64,   63) (  57,   60) (  51,   57) (  61,   56) (  61,   55) (  59,   64) (  54,   50)
          (  48,   62) (  60,   52) (  45,   55) (  64,   57) (  50,   60) (  44,   53) (  63,   55) (  72,   57) (  45,   55) (  70,   57)
          (  49,   61) (  63,   59) (  54,   52) (  59,   58) (  64,   62) (  53,   55) (  47,   63) (  68,   58) (  61,   54) (  43,   57)
          (  71,   63) (  54,   57) (  51,   56) (  64,   55) (  60,   57) (  52,   57) (  57,   58) (  58,   51) (  51,   56) (  64,   55)
          (  48,   59) (  65,   59) (  38,   55) (  48,   51) (  71,   55) (  58,   61) (  45,   60) (  60,   57) (  65,   54) (  58,   59)
          (  51,   50) (  64,   59) (  60,   58) (  49,   61) (  50,   57) (  57,   52) (  55,   56) (  62,   59) (  62,   60) (  57,   55)
          (  41,   66) (  57,   54) (  57,   53) (  59,   54) (  57,   61) (  58,   55) (  68,   54) (  58,   57) (  52,   60) (  68,   56)
          (  53,   58) (  62,   54) (  55,   57) (  48,   56) (  53,   57) (  58,   49) (  56,   52) (  59,   59) (  48,   56) (  51,   56)
          (  71,   58) (  53,   55) (  56,   58) (  55,   61) (  62,   58) (  52,   57) (  52,   54) (  69,   58) (  55,   62) (  55,   59)
          (  38,   51) (  69,   57) (  51,   53) (  61,   60) (  62,   57) (  49,   56) (  60,   62) (  59,   59) (  47,   50) (  63,   61)
          (  62,   59) (  54,   55) (  68,   52) (  53,   58) (  56,   60) (  35,   52) (  76,   58) (  52,   59) (  64,   61) (  55,   55)
          (  43,   57) (  61,   60) (  58,   62) (  60,   55) (  50,   55) (  69,   55) (  59,   50) (  60,   60) (  46,   58) (  70,   58)
          (  58,   54) (  55,   60) (  50,   58) (  61,   58) (  57,   57) (  53,   61) (  42,   57) (  73,   51) (  55,   59) (  46,   55)
          (  73,   65) (  55,   58) (  41,   56) (  63,   62) (  59,   54) (  60,   56) (  46,   58) (  62,   55) (  63,   60) (  59,   54)
          (  54,   50) (  64,   60) (  50,   50) (  62,   58) (  41,   54) (  69,   59) (  50,   57) (  46,   45) (  69,   59) (  50,   50)
          (  61,   61) (  52,   53) (  48,   58) (  66,   60) (  51,   62) (  57,   55) (  60,   58) (  58,   57) (  51,   58) (  53,   59)
          (  65,   52) (  71,   50) (  64,   61) (  64,   69) (  64,   64) (  64,   64) (  64,   64) (  64,   64) (  64,   64) (  64,   64)
          (  64,   64) (  64,   64) (  64,   64) (  64,   64) (  64,   64) (  64,   64) (  64,   64) (  64,   64) (  64,   64) (  64,   64)
          (  64,   64) (  64,   64) (  64,   64) (  64,   64) (  64,   64) (  64,   64) (  64,   64) (  64,   64) (  64,   64) (  64,   64)
          (  64,   64) (  64,   64) (  64,   64) (  64,   64) (  64,   64) (  64,   64) (  64,   64) (  64,   64) (  64,   64) (  64,   64)
          (  64,   64) (  64,   64) (  64,   64) (  64,   64) (  64,   64) (  64,   64) (  64,   64) (  64,   64) (  64,   64) (  64,   64)
          (  64,   64) (  64,   64) (  64,   64) (  64,   64) (  64,   64) (  64,   64) (  64,   64) (  64,   64) (  64,   64) (  64,   64)
          (  64,   64) (  64,   64) (  64,   64) (  64,   64) (  64,   64) (  64,   64) (  64,   64) (  64,   64) (  64,   64) (  64,   64)
          (  64,   64) (  64,   64) (  64,   64) (  64,   64) (  64,   64) (  64,   64) (  64,   64) (  64,   64) (  64,   64) (  64,   64)
          (  64,   64) (  64,   64) (  64,   64) (  64,   64) (  64,   64) (  64,   64) (  64,   64) (  64,   64) (  64,   64) (  64,   64)
          (  64,   64) (  64,   64) (  64,   64) (  64,   64) (  64,   64) (  64,   64) (  64,   64) (  64,   64) (  64,   64) (  64,   64)
          (  64,   64) (  64,   64) (  64,   64) (  64,   64) (  64,   64) (  64,   64) (  64,   64) (  64,   64) (  64,   64) (  64,   64)
          (  64,   64) (  64,   64) (  64,   64) (  64,   64) (  64,   64) (  64,   64) (  64,   64) (  64,   64) (  64,   64) (  64,   64)
          (  64,   64) (  64,   64) (  64,   64) (  64,   64) (  64,   64) (  64,   64) (  64,   64) (  64,   64) (  64,   64) (  64,   64)
          (  64,   64) (  64,   64) (  64,   64) (  64,   64) (  64,   64) (  64,   64) (  64,   64) (  64,   64) (  64,   64) (  64,   64)
          (  64,   64) (  64,   64) (  64,   64) (  64,   64) (  64,   64) (  64,   64) (  64,   64) (  64,   64) (  64,   64) (  64,   64)
          (  64,   64) (  64,   64) (  64,   64) (  64,   64) (  64,   64) (  64,   64) (  64,   64) (  64,   64) (  64,   64) (  64,   64)
          (  64,   64) (  64,   64) (  64,   64) (  64,   64) (  64,   64) (  64,   64) (  64,   64) (  64,   64) (  64,   64) (  64,   64)
          (  64,   64) (  64,   64) (  64,   64) (  64,   64) (  64,   64) (  64,   64) (  64,   64) (  64,   64) (  64,   64) (  64,   64)
          (  64,   64) (  64,   64) (  64,   64) (  64,   64) (  64,   64) (  64,   64) (  64,   64) (  64,   64) (  64,   64) (  64,   64)
          (  64,   64) (  64,   64) (  64,   64) (  64,   64) (  64,   64) (  64,   64) (  64,   64) (  64,   64) (  64,   64) (  64,   64)
          (  64,   64) (  64,   64) (  64,   64) (  64,   64) (  64,   64) (  64,   64) (  64,   64) (  64,   64) (  64,   64) (  64,   64)
          (  64,   64) (  64,   64) (  64,   64) (  64,   64) (  64,   64) (  64,   64) (  64,   64) (  64,   64) (  64,   64) (  64,   64)
          (  64,   64) (  64,   64) (  64,   64) (  64,   64) (  64,   64) (  64,   64) (  64,   64) (  64,   64) (  64,   64) (  64,   64)
          (  64,   64) (  64,   64) (  64,   64) (  64,   64) (  64,   64) (  64,   64) (  64,   64) (  64,   64) (  64,   64) (  64,   64)
          (  64,   64) (  64,   64) (  64,   64) (  64,   64) (  64,   64) (  64,   64) (  64,   64) (  64,   64) (  64,   64) (  64,   64)
          (  64,   64) (  64,   64) (  64,   64) (  64,   64) (  64,   64) (  64,   64) (  64,   64) (  64,   64) (  64,   64) (  64,   64)
          (  64,   64) (  64,   64) (  64,   64) (  64,   64) (  64,   64) (  64,   64) (  64,   64) (  64,   64) (  64,   64) (  64,   64)
          (  64,   64) (  64,   64) (  64,   64) (  64,   64) (  64,   64) (  64,   64) (  64,   64) (  64,   64) (  64,   64) (  64,   64)
          (  64,   64) (  64,   64) (  64,   64) (  64,   64) (  64,   64) (  64,   64) (  64,   64) (  64,   64) (  64,   64) (  64,   64)
          (  64,   64) (  64,   64) (  64,   64) (  64,   64) (  64,   64) (  64,   64) (  64,   64) (  64,   64) (  64,   64) (  64,   64)
          (  64,   64) (  64,   64) (  64,   64) (  64,   64) (  64,   64) (  64,   64) (  64,   64) (  64,   64) (  64,   64) (  64,   64)
          (  64,   64) (  64,   64) (  64,   64) (  64,   64) (  64,   64) (  64,   64) (  64,   64) (  64,   64) (  64,   64) (  64,   64)
          (  64,   64) (  64,   64) (  64,   64) (  64,   64) (  64,   64) (  64,   64) (  64,   64) (  64,   64) (  64,   64) (  64,   64)
          (  64,   64) (  64,   64) (  64,   64) (  64,   64) (  64,   64) (  64,   64) (  64,   64) (  64,   64) (  64,   64) (  64,   64)
          (  64,   64) (  64,   64) (  64,   64) (  64,   64) (  64,   64) (  64,   64) (  64,   64) (  64,   64) (  64,   64) (  64,   64)
          (  64,   64) (  64,   64) (  64,   64) (  64,   64) (  64,   64) (  64,   64) (  64,   64) (  64,   64) (  64,   64) (  64,   64)
          (  64,   64) (  64,   64) (  64,   64) (  64,   64) (  64,   64) (  64,   64) (  64,   64) (  64,   64) (  64,   64) (  64,   64)
          (  64,   64) (  64,   64) (  64,   64) (  64,   64) (  64,   64) (  64,   64) (  64,   64) (  64,   64) (  64,   64) (  64,   64)
          (  64,   64) (  64,   64) (  64,   64) (  64,   64) (  64,   64) (  64,   64) (  64,   64) (  64,   64) (  64,   64) (  64,   64)
          (  64,   64) (  64,   64) (  64,   64) (  64,   64) (  64,   64) (  64,   64) (  64,   64) (  64,   64) (  64,   64) (  64,   64)
         
node   9 sent_total  44354  recv_total  44181

node  10  (   0,    0) (   0,    0) (   1,    0) (   0,    0) (   1,    2) (  98,   42) (  81,   87) (  81,   87) (  81,   81) (  81,   81)
          (  81,   81) (  81,   81) (  81,   81) (  81,   81) (  81,   81) (  81,   81) (  81,   81) (  81,   81) (  81,   81) (  81,   81)
          (  81,   81) (  81,   81) (  81,   81) (  81,   81) (  81,   81) (  81,   81) (  81,   81) (  81,   81) (  81,   81) (  81,   81)
          (  81,   81) (  81,   81) (  81,   81) (  81,   81) (  81,   81) (  81,   81) (  81,   81) (  81,   81) (  81,   81) (  81,   81)
          (  81,   81) (  81,   81) (  81,   81) (  81,   81) (  81,   81) (  81,   81) (  81,   81) (  81,   81) (  81,   81) (  81,   81)
          (  81,   81) (  74,   81) (  60,   74) (  87,   71) (  58,   72) (  74,   69) (  83,   73) (  78,   72) (  67,   68) (  79,   73)
          (  66,   78) (  71,   68) (  64,   67) (  86,   77) (  68,   78) (  56,   67) (  96,   82) (  72,   71) (  63,   74) (  75,   65)
          (  85,   75) (  71,   64) (  58,   77) (  68,   71) (  82,   70) (  92,   75) (  56,   64) (  80,   73) (  60,   72) (  79,   74)
          (  67,   69) (  52,   63) ( 102,   80) (  69,   73) (  80,   72) (  73,   80) (  63,   61) (  76,   69) (  69,   75) (  85,   74)
          (  72,   72) (  69,   71) (  79,   71) (  72,   69) (  60,   73) (  82,   75) (  66,   71) (  81,   68) (  66,   77) (  78,   78)
          (  72,   75) (  68,   71) (  62,   64) (  61,   64) (  60,   55) (  77,   60) (  63,   53) (  67,   57) (  45,   55) (  81,   59)
          (  57,   57) (  55,   59) (  67,   56) (  62,   57) (  65,   53) (  70,   64) (  66,   57) (  66,   51) (  58,   59) (  70,   57)
          (  59,   57) (  71,   59) (  65,   60) (  38,   54) (  63,   60) (  60,   58) (  65,   55) (  55,   54) (  43,   57) (  50,   58)
          (  50,   58) (  73,   56) (  57,   53) (  46,   62) (  53,   54) (  67,   58) (  61,   58) (  61,   55) (  58,   63) (  55,   52)
          (  57,   55) (  56,   58) (  61,   49) (  43,   57) (  64,   60) (  58,   59) (  62,   53) (  44,   55) (  64,   65) (  54,   52)
          (  58,   61) (  53,   53) (  53,   54) (  68,   58) (  46,   55) (  59,   58) (  57,   52) (  58,   60) (  60,   56) (  51,   58)
          (  56,   61) (  58,   57) (  53,   56) (  55,   60) (  65,   55) (  53,   55) (  67,   56) (  51,   55) (  49,   59) (  70,   56)
          (  61,   61) (  55,   57) (  45,   51) (  73,   50) (  52,   58) (  62,   55) (  47,   54) (  51,   52) (  61,   52) (  57,   59)
          (  54,   58) (  66,   61) (  48,   57) (  53,   48) (  46,   54) (  62,   62) (  55,   59) (  57,   53) (  60,   58) (  50,   58)
          (  59,   62) (  57,   54) (  57,   58) (  62,   59) (  61,   57) (  51,   54) (  64,   55) (  56,   57) (  52,   58) (  64,   61)
          (  55,   61) (  57,   55) (  50,   54) (  45,   58) (  66,   60) (  58,   55) (  54,   57) (  58,   57) (  57,   61) (  58,   54)
          (  60,   62) (  40,   51) (  53,   59) (  64,   59) (  59,   50) (  53,   56) (  51,   53) (  64,   60) (  61,   58) (  51,   52)
          (  61,   57) (  49,   55) (  65,   56) (  68,   58) (  55,   57) (  61,   61) (  52,   50) (  54,   59) (  67,   61) (  45,   56)
          (  65,   56) (  49,   51) (  56,   57) (  59,   58) (  59,   51) (  59,   58) (  68,   58) (  47,   54) (  44,   50) (  67,   56)
          (  59,   56) (  52,   57) (  74,   55) (  59,   56) (  59,   59) (  59,   54) (  67,   54) (  54,   56) (  58,   59) (  40,   56)
          (  61,   54) (  71,   55) (  59,   61) (  59,   53) (  48,   52) (  51,   54) (  59,   55) (  59,   56) (  53,   58) (  56,   62)
          (  67,   55) (  52,   55) (  54,   53) (  47,   54) (  67,   59) (  66,   58) (  59,   65) (  67,   54) (  54,   54) (  58,   55)
          (  66,   57) (  40,   52) (  71,   59) (  50,   55) (  56,   55) (  62,   51) (  50,   60) (  62,   56) (  51,   59) (  63,   58)
          (  61,   52) (  46,   59) (  67,   59) (  48,   59) (  59,   57) (  51,   58) (  66,   60) (  57,   50) (  46,   53) (  66,   60)
          (  53,   55) (  62,   57) (  56,   58) (  52,   53) (  62,   58) (  53,   59) (  48,   57) (  58,   58) (  60,   60) (  65,   54)
          (  53,   56) (  64,   60) (  64,   62) (  64,   69) (  64,   64) (  64,   64) (  64,   64) (  64,   64) (  64,   64) (  64,   64)
          (  64,   64) (  64,   64) (  64,   64) (  64,   64) (  64,   64) (  64,   64) (  64,   64) (  64,   64) (  64,   64) (  64,   64)
          (  64,   64) (  64,   64) (  64,   64) (  64,   64) (  64,   64) (  64,   64) (  64,   64) (  64,   64) (  64,   64) (  64,   64)
          (  64,   64) (  64,   64) (  64,   64) (  64,   64) (  64,   64) (  64,   64) (  64,   64) (  64,   64) (  64,   64) (  64,   64)
          (  64,   64) (  64,   64) (  64,   64) (  64,   64) (  64,   64) (  64,   64) (  64,   64) (  64,   64) (  64,   64) (  64,   64)
          (  64,   64) (  64,   64) (  64,   64) (  64,   64) (  64,   64) (  64,   64) (  64,   64) (  64,   64) (  64,   64) (  64,   64)
          (  64,   64) (  64,   64) (  64,   64) (  64,   64) (  64,   64) (  64,   64) (  64,   64) (  64,   64) (  64,   64) (  64,   64)
          (  64,   64) (  64,   64) (  64,   64) (  64,   64) (  64,   64) (  64,   64) (  64,   64) (  64,   64) (  64,   64) (  64,   64)
          (  64,   64) (  64,   64) (  64,   64) (  64,   64) (  64,   64) (  64,   64) (  64,   64) (  64,   64) (  64,   64) (  64,   64)
          (  64,   64) (  64,   64) (  64,   64) (  64,   64) (  64,   64) (  64,   64) (  64,   64) (  64,   64) (  64,   64) (  64,   64)
          (  64,   64) (  64,   64) (  64,   64) (  64,   64) (  64,   64) (  64,   64) (  64,   64) (  64,   64) (  64,   64) (  64,   64)
          (  64,   64) (  64,   64) (  64,   64) (  64,   64) (  64,   64) (  64,   64) (  64,   64) (  64,   64) (  64,   64) (  64,   64)
          (  64,   64) (  64,   64) (  64,   64) (  64,   64) (  64,   64) (  64,   64) (  64,   64) (  64,   64) (  64,   64) (  64,   64)
          (  64,   64) (  64,   64) (  64,   64) (  64,   64) (  64,   64) (  64,   64) (  64,   64) (  64,   64) (  64,   64) (  64,   64)
          (  64,   64) (  64,   64) (  64,   64) (  64,   64) (  64,   64) (  64,   64) (  64,   64) (  64,   64) (  64,   64) (  64,   64)
          (  64,   64) (  64,   64) (  64,   64) (  64,   64) (  64,   64) (  64,   64) (  64,   64) (  64,   64) (  64,   64) (  64,   64)
          (  64,   64) (  64,   64) (  64,   64) (  64,   64) (  64,   64) (  64,   64) (  64,   64) (  64,   64) (  64,   64) (  64,   64)
          (  64,   64) (  64,   64) (  64,   64) (  64,   64) (  64,   64) (  64,   64) (  64,   64) (  64,   64) (  64,   64) (  64,   64)
          (  64,   64) (  64,   64) (  64,   64) (  64,   64) (  64,   64) (  64,   64) (  64,   64) (  64,   64) (  64,   64) (  64,   64)
          (  64,   64) (  64,   64) (  64,   64) (  64,   64) (  64,   64) (  64,   64) (  64,   64) (  64,   64) (  64,   64) (  64,   64)
          (  64,   64) (  64,   64) (  64,   64) (  64,   64) (  64,   64) (  64,   64) (  64,   64) (  64,   64) (  64,   64) (  64,   64)
          (  64,   64) (  64,   64) (  64,   64) (  64,   64) (  64,   64) (  64,   64) (  64,   64) (  64,   64) (  64,   64) (  64,   64)
          (  64,   64) (  64,   64) (  64,   64) (  64,   64) (  64,   64) (  64,   64) (  64,   64) (  64,   64) (  64,   64) (  64,   64)
          (  64,   64) (  64,   64) (  64,   64) (  64,   64) (  64,   64) (  64,   64) (  64,   64) (  64,   64) (  64,   64) (  64,   64)
          (  64,   64) (  64,   64) (  64,   64) (  64,   64) (  64,   64) (  64,   64) (  64,   64) (  64,   64) (  64,   64) (  64,   64)
          (  64,   64) (  64,   64) (  64,   64) (  64,   64) (  64,   64) (  64,   64) (  64,   64) (  64,   64) (  64,   64) (  64,   64)
          (  64,   64) (  64,   64) (  64,   64) (  64,   64) (  64,   64) (  64,   64) (  64,   64) (  64,   64) (  64,   64) (  64,   64)
          (  64,   64) (  64,   64) (  64,   64) (  64,   64) (  64,   64) (  64,   64) (  64,   64) (  64,   64) (  64,   64) (  64,   64)
          (  64,   64) (  64,   64) (  64,   64) (  64,   64) (  64,   64) (  64,   64) (  64,   64) (  64,   64) (  64,   64) (  64,   64)
          (  64,   64) (  64,   64) (  64,   64) (  64,   64) (  64,   64) (  64,   64) (  64,   64) (  64,   64) (  64,   64) (  64,   64)
          (  64,   64) (  64,   64) (  64,   64) (  64,   64) (  64,   64) (  64,   64) (  64,   64) (  64,   64) (  64,   64) (  64,   64)
          (  64,   64) (  64,   64) (  64,   64) (  64,   64) (  64,   64) (  64,   64) (  64,   64) (  64,   64) (  64,   64) (  64,   64)
          (  64,   64) (  64,   64) (  64,   64) (  64,   64) (  64,   64) (  64,   64) (  64,   64) (  64,   64) (  64,   64) (  64,   64)
          (  64,   64) (  64,   64) (  64,   64) (  64,   64) (  64,   64) (  64,   64) (  64,   64) (  64,   64) (  64,   64) (  64,   64)
          (  64,   64) (  64,   64) (  64,   64) (  64,   64) (  64,   64) (  64,   64) (  64,   64) (  64,   64) (  64,   64) (  64,   64)
          (  64,   64) (  64,   64) (  64,   64) (  64,   64) (  64,   64) (  64,   64) (  64,   64) (  64,   64) (  64,   64) (  64,   64)
          (  64,   64) (  64,   64) (  64,   64) (  64,   64) (  64,   64) (  64,   64) (  64,   64) (  64,   64) (  64,   64) (  64,   64)
          (  64,   64) (  64,   64) (  64,   64) (  64,   64) (  64,   64) (  64,   64) (  64,   64) (  64,   64) (  64,   64) (  64,   64)
          (  64,   64) (  64,   64) (  64,   64) (  64,   64) (  64,   64) (  64,   64) (  64,   64) (  64,   64) (  64,   64) (  64,   64)
          (  64,   64) (  64,   64) (  64,   64) (  64,   64) (  64,   64) (  64,   64) (  64,   64) (  64,   64) (  64,   64) (  64,   64)
         
node  10 sent_total  44465  recv_total  44175

